{"/home/timgeldard/github/ConnectIO-RAD/apps/envmon/frontend/src/App.tsx": {"path":"/home/timgeldard/github/ConnectIO-RAD/apps/envmon/frontend/src/App.tsx","all":true,"statementMap":{"0":{"start":{"line":1,"column":0},"end":{"line":1,"column":49}},"6":{"start":{"line":7,"column":0},"end":{"line":7,"column":31}},"7":{"start":{"line":8,"column":0},"end":{"line":8,"column":10}},"8":{"start":{"line":9,"column":0},"end":{"line":9,"column":19}},"9":{"start":{"line":10,"column":0},"end":{"line":10,"column":59}},"10":{"start":{"line":11,"column":0},"end":{"line":11,"column":20}},"11":{"start":{"line":12,"column":0},"end":{"line":12,"column":22}},"12":{"start":{"line":13,"column":0},"end":{"line":13,"column":21}},"13":{"start":{"line":14,"column":0},"end":{"line":14,"column":21}},"14":{"start":{"line":15,"column":0},"end":{"line":15,"column":20}},"16":{"start":{"line":17,"column":0},"end":{"line":17,"column":1}}},"s":{"0":0,"6":0,"7":0,"8":0,"9":0,"10":0,"11":0,"12":0,"13":0,"14":0,"16":0},"branchMap":{"0":{"type":"branch","line":1,"loc":{"start":{"line":1,"column":516},"end":{"line":17,"column":1}},"locations":[{"start":{"line":1,"column":516},"end":{"line":17,"column":1}}]}},"b":{"0":[0]},"fnMap":{"0":{"name":"(empty-report)","decl":{"start":{"line":1,"column":516},"end":{"line":17,"column":1}},"loc":{"start":{"line":1,"column":516},"end":{"line":17,"column":1}},"line":1}},"f":{"0":0}}
,"/home/timgeldard/github/ConnectIO-RAD/apps/envmon/frontend/src/types.ts": {"path":"/home/timgeldard/github/ConnectIO-RAD/apps/envmon/frontend/src/types.ts","all":true,"statementMap":{},"s":{},"branchMap":{"0":{"type":"branch","line":1,"loc":{"start":{"line":1,"column":3526},"end":{"line":160,"column":1}},"locations":[{"start":{"line":1,"column":3526},"end":{"line":160,"column":1}}]}},"b":{"0":[1]},"fnMap":{"0":{"name":"(empty-report)","decl":{"start":{"line":1,"column":3526},"end":{"line":160,"column":1}},"loc":{"start":{"line":1,"column":3526},"end":{"line":160,"column":1}},"line":1}},"f":{"0":1}}
,"/home/timgeldard/github/ConnectIO-RAD/apps/envmon/frontend/src/api/client.ts": {"path":"/home/timgeldard/github/ConnectIO-RAD/apps/envmon/frontend/src/api/client.ts","all":false,"statementMap":{"0":{"start":{"line":1,"column":0},"end":{"line":1,"column":3}},"23":{"start":{"line":24,"column":0},"end":{"line":24,"column":27}},"29":{"start":{"line":30,"column":0},"end":{"line":30,"column":38}},"30":{"start":{"line":31,"column":0},"end":{"line":31,"column":32}},"31":{"start":{"line":32,"column":0},"end":{"line":32,"column":31}},"32":{"start":{"line":33,"column":0},"end":{"line":33,"column":59}},"33":{"start":{"line":34,"column":0},"end":{"line":34,"column":26}},"34":{"start":{"line":35,"column":0},"end":{"line":35,"column":5}},"35":{"start":{"line":36,"column":0},"end":{"line":36,"column":1}},"41":{"start":{"line":42,"column":0},"end":{"line":42,"column":51}},"42":{"start":{"line":43,"column":0},"end":{"line":43,"column":32}},"43":{"start":{"line":44,"column":0},"end":{"line":44,"column":34}},"44":{"start":{"line":45,"column":0},"end":{"line":45,"column":87}},"45":{"start":{"line":46,"column":0},"end":{"line":46,"column":26}},"46":{"start":{"line":47,"column":0},"end":{"line":47,"column":30}},"47":{"start":{"line":48,"column":0},"end":{"line":48,"column":5}},"48":{"start":{"line":49,"column":0},"end":{"line":49,"column":1}},"50":{"start":{"line":51,"column":0},"end":{"line":51,"column":92}},"51":{"start":{"line":52,"column":0},"end":{"line":52,"column":39}},"52":{"start":{"line":53,"column":0},"end":{"line":53,"column":47}},"53":{"start":{"line":54,"column":0},"end":{"line":54,"column":47}},"54":{"start":{"line":55,"column":0},"end":{"line":55,"column":52}},"56":{"start":{"line":57,"column":0},"end":{"line":57,"column":35}},"57":{"start":{"line":58,"column":0},"end":{"line":58,"column":58}},"58":{"start":{"line":59,"column":0},"end":{"line":59,"column":59}},"59":{"start":{"line":60,"column":0},"end":{"line":60,"column":26}},"60":{"start":{"line":61,"column":0},"end":{"line":61,"column":30}},"61":{"start":{"line":62,"column":0},"end":{"line":62,"column":5}},"62":{"start":{"line":63,"column":0},"end":{"line":63,"column":1}},"68":{"start":{"line":69,"column":0},"end":{"line":69,"column":27}},"69":{"start":{"line":70,"column":0},"end":{"line":70,"column":25}},"70":{"start":{"line":71,"column":0},"end":{"line":71,"column":18}},"71":{"start":{"line":72,"column":0},"end":{"line":72,"column":20}},"72":{"start":{"line":73,"column":0},"end":{"line":73,"column":25}},"73":{"start":{"line":74,"column":0},"end":{"line":74,"column":27}},"74":{"start":{"line":75,"column":0},"end":{"line":75,"column":23}},"75":{"start":{"line":76,"column":0},"end":{"line":76,"column":18}},"76":{"start":{"line":77,"column":0},"end":{"line":77,"column":3}},"77":{"start":{"line":78,"column":0},"end":{"line":78,"column":38}},"78":{"start":{"line":79,"column":0},"end":{"line":79,"column":28}},"79":{"start":{"line":80,"column":0},"end":{"line":80,"column":22}},"80":{"start":{"line":81,"column":0},"end":{"line":81,"column":9}},"81":{"start":{"line":82,"column":0},"end":{"line":82,"column":45}},"82":{"start":{"line":83,"column":0},"end":{"line":83,"column":5}},"83":{"start":{"line":84,"column":0},"end":{"line":84,"column":51}},"84":{"start":{"line":85,"column":0},"end":{"line":85,"column":81}},"85":{"start":{"line":86,"column":0},"end":{"line":86,"column":66}},"87":{"start":{"line":88,"column":0},"end":{"line":88,"column":36}},"88":{"start":{"line":89,"column":0},"end":{"line":89,"column":95}},"89":{"start":{"line":90,"column":0},"end":{"line":90,"column":57}},"90":{"start":{"line":91,"column":0},"end":{"line":91,"column":26}},"91":{"start":{"line":92,"column":0},"end":{"line":92,"column":41}},"92":{"start":{"line":93,"column":0},"end":{"line":93,"column":5}},"93":{"start":{"line":94,"column":0},"end":{"line":94,"column":1}},"99":{"start":{"line":100,"column":0},"end":{"line":100,"column":82}},"100":{"start":{"line":101,"column":0},"end":{"line":101,"column":39}},"101":{"start":{"line":102,"column":0},"end":{"line":102,"column":47}},"102":{"start":{"line":103,"column":0},"end":{"line":103,"column":54}},"104":{"start":{"line":105,"column":0},"end":{"line":105,"column":29}},"105":{"start":{"line":106,"column":0},"end":{"line":106,"column":43}},"106":{"start":{"line":107,"column":0},"end":{"line":107,"column":54}},"107":{"start":{"line":108,"column":0},"end":{"line":108,"column":27}},"108":{"start":{"line":109,"column":0},"end":{"line":109,"column":30}},"109":{"start":{"line":110,"column":0},"end":{"line":110,"column":5}},"110":{"start":{"line":111,"column":0},"end":{"line":111,"column":1}},"112":{"start":{"line":113,"column":0},"end":{"line":113,"column":26}},"113":{"start":{"line":114,"column":0},"end":{"line":114,"column":25}},"114":{"start":{"line":115,"column":0},"end":{"line":115,"column":27}},"115":{"start":{"line":116,"column":0},"end":{"line":116,"column":25}},"116":{"start":{"line":117,"column":0},"end":{"line":117,"column":21}},"117":{"start":{"line":118,"column":0},"end":{"line":118,"column":3}},"118":{"start":{"line":119,"column":0},"end":{"line":119,"column":39}},"119":{"start":{"line":120,"column":0},"end":{"line":120,"column":52}},"120":{"start":{"line":121,"column":0},"end":{"line":121,"column":54}},"121":{"start":{"line":122,"column":0},"end":{"line":122,"column":52}},"122":{"start":{"line":123,"column":0},"end":{"line":123,"column":48}},"124":{"start":{"line":125,"column":0},"end":{"line":125,"column":34}},"125":{"start":{"line":126,"column":0},"end":{"line":126,"column":66}},"126":{"start":{"line":127,"column":0},"end":{"line":127,"column":56}},"127":{"start":{"line":128,"column":0},"end":{"line":128,"column":54}},"128":{"start":{"line":129,"column":0},"end":{"line":129,"column":26}},"129":{"start":{"line":130,"column":0},"end":{"line":130,"column":5}},"130":{"start":{"line":131,"column":0},"end":{"line":131,"column":1}},"136":{"start":{"line":137,"column":0},"end":{"line":137,"column":99}},"137":{"start":{"line":138,"column":0},"end":{"line":138,"column":39}},"138":{"start":{"line":139,"column":0},"end":{"line":139,"column":56}},"139":{"start":{"line":140,"column":0},"end":{"line":140,"column":58}},"140":{"start":{"line":141,"column":0},"end":{"line":141,"column":57}},"142":{"start":{"line":143,"column":0},"end":{"line":143,"column":36}},"143":{"start":{"line":144,"column":0},"end":{"line":144,"column":59}},"144":{"start":{"line":145,"column":0},"end":{"line":145,"column":54}},"145":{"start":{"line":146,"column":0},"end":{"line":146,"column":43}},"146":{"start":{"line":147,"column":0},"end":{"line":147,"column":26}},"147":{"start":{"line":148,"column":0},"end":{"line":148,"column":5}},"148":{"start":{"line":149,"column":0},"end":{"line":149,"column":1}},"150":{"start":{"line":151,"column":0},"end":{"line":151,"column":76}},"151":{"start":{"line":152,"column":0},"end":{"line":152,"column":39}},"152":{"start":{"line":153,"column":0},"end":{"line":153,"column":47}},"154":{"start":{"line":155,"column":0},"end":{"line":155,"column":38}},"155":{"start":{"line":156,"column":0},"end":{"line":156,"column":45}},"156":{"start":{"line":157,"column":0},"end":{"line":157,"column":63}},"157":{"start":{"line":158,"column":0},"end":{"line":158,"column":39}},"158":{"start":{"line":159,"column":0},"end":{"line":159,"column":26}},"159":{"start":{"line":160,"column":0},"end":{"line":160,"column":5}},"160":{"start":{"line":161,"column":0},"end":{"line":161,"column":1}},"162":{"start":{"line":163,"column":0},"end":{"line":163,"column":86}},"163":{"start":{"line":164,"column":0},"end":{"line":164,"column":39}},"164":{"start":{"line":165,"column":0},"end":{"line":165,"column":47}},"166":{"start":{"line":167,"column":0},"end":{"line":167,"column":36}},"167":{"start":{"line":168,"column":0},"end":{"line":168,"column":55}},"168":{"start":{"line":169,"column":0},"end":{"line":169,"column":101}},"169":{"start":{"line":170,"column":0},"end":{"line":170,"column":43}},"170":{"start":{"line":171,"column":0},"end":{"line":171,"column":26}},"171":{"start":{"line":172,"column":0},"end":{"line":172,"column":5}},"172":{"start":{"line":173,"column":0},"end":{"line":173,"column":1}},"178":{"start":{"line":179,"column":0},"end":{"line":179,"column":62}},"179":{"start":{"line":180,"column":0},"end":{"line":180,"column":35}},"180":{"start":{"line":181,"column":0},"end":{"line":181,"column":51}},"181":{"start":{"line":182,"column":0},"end":{"line":182,"column":101}},"182":{"start":{"line":183,"column":0},"end":{"line":183,"column":22}},"183":{"start":{"line":184,"column":0},"end":{"line":184,"column":30}},"184":{"start":{"line":185,"column":0},"end":{"line":185,"column":5}},"185":{"start":{"line":186,"column":0},"end":{"line":186,"column":1}},"187":{"start":{"line":188,"column":0},"end":{"line":188,"column":60}},"188":{"start":{"line":189,"column":0},"end":{"line":189,"column":35}},"189":{"start":{"line":190,"column":0},"end":{"line":190,"column":49}},"190":{"start":{"line":191,"column":0},"end":{"line":191,"column":99}},"191":{"start":{"line":192,"column":0},"end":{"line":192,"column":22}},"192":{"start":{"line":193,"column":0},"end":{"line":193,"column":30}},"193":{"start":{"line":194,"column":0},"end":{"line":194,"column":5}},"194":{"start":{"line":195,"column":0},"end":{"line":195,"column":1}},"196":{"start":{"line":197,"column":0},"end":{"line":197,"column":37}},"197":{"start":{"line":198,"column":0},"end":{"line":198,"column":39}},"198":{"start":{"line":199,"column":0},"end":{"line":199,"column":63}},"199":{"start":{"line":200,"column":0},"end":{"line":200,"column":25}},"200":{"start":{"line":201,"column":0},"end":{"line":201,"column":39}},"201":{"start":{"line":202,"column":0},"end":{"line":202,"column":23}},"202":{"start":{"line":203,"column":0},"end":{"line":203,"column":56}},"203":{"start":{"line":204,"column":0},"end":{"line":204,"column":35}},"204":{"start":{"line":205,"column":0},"end":{"line":205,"column":9}},"205":{"start":{"line":206,"column":0},"end":{"line":206,"column":38}},"206":{"start":{"line":207,"column":0},"end":{"line":207,"column":99}},"207":{"start":{"line":208,"column":0},"end":{"line":208,"column":99}},"208":{"start":{"line":209,"column":0},"end":{"line":209,"column":87}},"209":{"start":{"line":210,"column":0},"end":{"line":210,"column":87}},"210":{"start":{"line":211,"column":0},"end":{"line":211,"column":6}},"211":{"start":{"line":212,"column":0},"end":{"line":212,"column":5}},"212":{"start":{"line":213,"column":0},"end":{"line":213,"column":1}},"214":{"start":{"line":215,"column":0},"end":{"line":215,"column":39}},"215":{"start":{"line":216,"column":0},"end":{"line":216,"column":39}},"216":{"start":{"line":217,"column":0},"end":{"line":217,"column":78}},"217":{"start":{"line":218,"column":0},"end":{"line":218,"column":43}},"218":{"start":{"line":219,"column":0},"end":{"line":219,"column":112}},"219":{"start":{"line":220,"column":0},"end":{"line":220,"column":25}},"220":{"start":{"line":221,"column":0},"end":{"line":221,"column":9}},"221":{"start":{"line":222,"column":0},"end":{"line":222,"column":38}},"222":{"start":{"line":223,"column":0},"end":{"line":223,"column":98}},"223":{"start":{"line":224,"column":0},"end":{"line":224,"column":98}},"224":{"start":{"line":225,"column":0},"end":{"line":225,"column":86}},"225":{"start":{"line":226,"column":0},"end":{"line":226,"column":86}},"226":{"start":{"line":227,"column":0},"end":{"line":227,"column":6}},"227":{"start":{"line":228,"column":0},"end":{"line":228,"column":5}},"228":{"start":{"line":229,"column":0},"end":{"line":229,"column":1}},"234":{"start":{"line":235,"column":0},"end":{"line":235,"column":37}},"235":{"start":{"line":236,"column":0},"end":{"line":236,"column":36}},"236":{"start":{"line":237,"column":0},"end":{"line":237,"column":28}},"237":{"start":{"line":238,"column":0},"end":{"line":238,"column":49}},"238":{"start":{"line":239,"column":0},"end":{"line":239,"column":22}},"239":{"start":{"line":240,"column":0},"end":{"line":240,"column":5}},"240":{"start":{"line":241,"column":0},"end":{"line":241,"column":1}},"242":{"start":{"line":243,"column":0},"end":{"line":243,"column":37}},"243":{"start":{"line":244,"column":0},"end":{"line":244,"column":39}},"244":{"start":{"line":245,"column":0},"end":{"line":245,"column":91}},"245":{"start":{"line":246,"column":0},"end":{"line":246,"column":42}},"246":{"start":{"line":247,"column":0},"end":{"line":247,"column":68}},"247":{"start":{"line":248,"column":0},"end":{"line":248,"column":22}},"248":{"start":{"line":249,"column":0},"end":{"line":249,"column":56}},"249":{"start":{"line":250,"column":0},"end":{"line":250,"column":43}},"250":{"start":{"line":251,"column":0},"end":{"line":251,"column":9}},"251":{"start":{"line":252,"column":0},"end":{"line":252,"column":22}},"252":{"start":{"line":253,"column":0},"end":{"line":253,"column":65}},"253":{"start":{"line":254,"column":0},"end":{"line":254,"column":62}},"254":{"start":{"line":255,"column":0},"end":{"line":255,"column":6}},"255":{"start":{"line":256,"column":0},"end":{"line":256,"column":5}},"256":{"start":{"line":257,"column":0},"end":{"line":257,"column":1}},"272":{"start":{"line":273,"column":0},"end":{"line":273,"column":31}},"273":{"start":{"line":274,"column":0},"end":{"line":274,"column":39}},"274":{"start":{"line":275,"column":0},"end":{"line":275,"column":57}},"275":{"start":{"line":276,"column":0},"end":{"line":276,"column":25}},"276":{"start":{"line":277,"column":0},"end":{"line":277,"column":34}},"277":{"start":{"line":278,"column":0},"end":{"line":278,"column":23}},"278":{"start":{"line":279,"column":0},"end":{"line":279,"column":56}},"279":{"start":{"line":280,"column":0},"end":{"line":280,"column":35}},"280":{"start":{"line":281,"column":0},"end":{"line":281,"column":9}},"281":{"start":{"line":282,"column":0},"end":{"line":282,"column":38}},"282":{"start":{"line":283,"column":0},"end":{"line":283,"column":82}},"283":{"start":{"line":284,"column":0},"end":{"line":284,"column":62}},"284":{"start":{"line":285,"column":0},"end":{"line":285,"column":6}},"285":{"start":{"line":286,"column":0},"end":{"line":286,"column":5}},"286":{"start":{"line":287,"column":0},"end":{"line":287,"column":1}},"288":{"start":{"line":289,"column":0},"end":{"line":289,"column":34}},"289":{"start":{"line":290,"column":0},"end":{"line":290,"column":39}},"290":{"start":{"line":291,"column":0},"end":{"line":291,"column":76}},"291":{"start":{"line":292,"column":0},"end":{"line":292,"column":41}},"292":{"start":{"line":293,"column":0},"end":{"line":293,"column":105}},"293":{"start":{"line":294,"column":0},"end":{"line":294,"column":25}},"294":{"start":{"line":295,"column":0},"end":{"line":295,"column":9}},"295":{"start":{"line":296,"column":0},"end":{"line":296,"column":38}},"296":{"start":{"line":297,"column":0},"end":{"line":297,"column":81}},"297":{"start":{"line":298,"column":0},"end":{"line":298,"column":62}},"298":{"start":{"line":299,"column":0},"end":{"line":299,"column":6}},"299":{"start":{"line":300,"column":0},"end":{"line":300,"column":5}},"300":{"start":{"line":301,"column":0},"end":{"line":301,"column":1}}},"s":{"0":1,"23":1,"29":1,"30":2,"31":2,"32":2,"33":2,"34":2,"35":2,"41":1,"42":3,"43":3,"44":3,"45":3,"46":3,"47":3,"48":3,"50":1,"51":0,"52":0,"53":0,"54":0,"56":0,"57":0,"58":0,"59":0,"60":0,"61":0,"62":0,"68":1,"69":2,"70":2,"71":2,"72":2,"73":2,"74":2,"75":2,"76":2,"77":2,"78":2,"79":2,"80":2,"81":2,"82":2,"83":2,"84":2,"85":2,"87":2,"88":2,"89":2,"90":2,"91":2,"92":2,"93":2,"99":1,"100":0,"101":0,"102":0,"104":0,"105":0,"106":0,"107":0,"108":0,"109":0,"110":0,"112":1,"113":0,"114":0,"115":0,"116":0,"117":0,"118":0,"119":0,"120":0,"121":0,"122":0,"124":0,"125":0,"126":0,"127":0,"128":0,"129":0,"130":0,"136":1,"137":0,"138":0,"139":0,"140":0,"142":0,"143":0,"144":0,"145":0,"146":0,"147":0,"148":0,"150":1,"151":0,"152":0,"154":0,"155":0,"156":0,"157":0,"158":0,"159":0,"160":0,"162":1,"163":2,"164":2,"166":2,"167":2,"168":2,"169":2,"170":2,"171":2,"172":2,"178":1,"179":0,"180":0,"181":0,"182":0,"183":0,"184":0,"185":0,"187":1,"188":0,"189":0,"190":0,"191":0,"192":0,"193":0,"194":0,"196":1,"197":0,"198":0,"199":0,"200":0,"201":0,"202":0,"203":0,"204":0,"205":0,"206":0,"207":0,"208":0,"209":0,"210":0,"211":0,"212":0,"214":1,"215":0,"216":0,"217":0,"218":0,"219":0,"220":0,"221":0,"222":0,"223":0,"224":0,"225":0,"226":0,"227":0,"228":0,"234":1,"235":0,"236":0,"237":0,"238":0,"239":0,"240":0,"242":1,"243":0,"244":0,"245":0,"246":0,"247":0,"248":0,"249":0,"250":0,"251":0,"252":0,"253":0,"254":0,"255":0,"256":0,"272":1,"273":0,"274":0,"275":0,"276":0,"277":0,"278":0,"279":0,"280":0,"281":0,"282":0,"283":0,"284":0,"285":0,"286":0,"288":1,"289":0,"290":0,"291":0,"292":0,"293":0,"294":0,"295":0,"296":0,"297":0,"298":0,"299":0,"300":0},"branchMap":{"0":{"type":"branch","line":30,"loc":{"start":{"line":30,"column":7},"end":{"line":36,"column":1}},"locations":[{"start":{"line":30,"column":7},"end":{"line":36,"column":1}}]},"1":{"type":"branch","line":33,"loc":{"start":{"line":33,"column":13},"end":{"line":33,"column":59}},"locations":[{"start":{"line":33,"column":13},"end":{"line":33,"column":59}}]},"2":{"type":"branch","line":42,"loc":{"start":{"line":42,"column":7},"end":{"line":49,"column":1}},"locations":[{"start":{"line":42,"column":7},"end":{"line":49,"column":1}}]},"3":{"type":"branch","line":45,"loc":{"start":{"line":45,"column":13},"end":{"line":45,"column":87}},"locations":[{"start":{"line":45,"column":13},"end":{"line":45,"column":87}}]},"4":{"type":"branch","line":69,"loc":{"start":{"line":69,"column":7},"end":{"line":94,"column":1}},"locations":[{"start":{"line":69,"column":7},"end":{"line":94,"column":1}}]},"5":{"type":"branch","line":79,"loc":{"start":{"line":79,"column":14},"end":{"line":79,"column":28}},"locations":[{"start":{"line":79,"column":14},"end":{"line":79,"column":28}}]},"6":{"type":"branch","line":84,"loc":{"start":{"line":84,"column":16},"end":{"line":84,"column":51}},"locations":[{"start":{"line":84,"column":16},"end":{"line":84,"column":51}}]},"7":{"type":"branch","line":85,"loc":{"start":{"line":85,"column":33},"end":{"line":85,"column":81}},"locations":[{"start":{"line":85,"column":33},"end":{"line":85,"column":81}}]},"8":{"type":"branch","line":86,"loc":{"start":{"line":86,"column":6},"end":{"line":86,"column":20}},"locations":[{"start":{"line":86,"column":6},"end":{"line":86,"column":20}}]},"9":{"type":"branch","line":86,"loc":{"start":{"line":86,"column":20},"end":{"line":86,"column":66}},"locations":[{"start":{"line":86,"column":20},"end":{"line":86,"column":66}}]},"10":{"type":"branch","line":90,"loc":{"start":{"line":90,"column":13},"end":{"line":90,"column":57}},"locations":[{"start":{"line":90,"column":13},"end":{"line":90,"column":57}}]},"11":{"type":"branch","line":163,"loc":{"start":{"line":163,"column":7},"end":{"line":173,"column":1}},"locations":[{"start":{"line":163,"column":7},"end":{"line":173,"column":1}}]},"12":{"type":"branch","line":169,"loc":{"start":{"line":169,"column":13},"end":{"line":169,"column":101}},"locations":[{"start":{"line":169,"column":13},"end":{"line":169,"column":101}}]}},"b":{"0":[2],"1":[1],"2":[3],"3":[1],"4":[2],"5":[0],"6":[0],"7":[0],"8":[0],"9":[0],"10":[1],"11":[2],"12":[1]},"fnMap":{"0":{"name":"usePlants","decl":{"start":{"line":30,"column":7},"end":{"line":36,"column":1}},"loc":{"start":{"line":30,"column":7},"end":{"line":36,"column":1}},"line":30},"1":{"name":"queryFn","decl":{"start":{"line":33,"column":13},"end":{"line":33,"column":59}},"loc":{"start":{"line":33,"column":13},"end":{"line":33,"column":59}},"line":33},"2":{"name":"useFloors","decl":{"start":{"line":42,"column":7},"end":{"line":49,"column":1}},"loc":{"start":{"line":42,"column":7},"end":{"line":49,"column":1}},"line":42},"3":{"name":"queryFn","decl":{"start":{"line":45,"column":13},"end":{"line":45,"column":87}},"loc":{"start":{"line":45,"column":13},"end":{"line":45,"column":87}},"line":45},"4":{"name":"useLocations","decl":{"start":{"line":51,"column":7},"end":{"line":63,"column":1}},"loc":{"start":{"line":51,"column":7},"end":{"line":63,"column":1}},"line":51},"5":{"name":"useHeatmap","decl":{"start":{"line":69,"column":7},"end":{"line":94,"column":1}},"loc":{"start":{"line":69,"column":7},"end":{"line":94,"column":1}},"line":69},"6":{"name":"queryFn","decl":{"start":{"line":90,"column":13},"end":{"line":90,"column":57}},"loc":{"start":{"line":90,"column":13},"end":{"line":90,"column":57}},"line":90},"7":{"name":"useMics","decl":{"start":{"line":100,"column":7},"end":{"line":111,"column":1}},"loc":{"start":{"line":100,"column":7},"end":{"line":111,"column":1}},"line":100},"8":{"name":"useTrends","decl":{"start":{"line":113,"column":7},"end":{"line":131,"column":1}},"loc":{"start":{"line":113,"column":7},"end":{"line":131,"column":1}},"line":113},"9":{"name":"useLots","decl":{"start":{"line":137,"column":7},"end":{"line":149,"column":1}},"loc":{"start":{"line":137,"column":7},"end":{"line":149,"column":1}},"line":137},"10":{"name":"useLotDetail","decl":{"start":{"line":151,"column":7},"end":{"line":161,"column":1}},"loc":{"start":{"line":151,"column":7},"end":{"line":161,"column":1}},"line":151},"11":{"name":"useLocationSummary","decl":{"start":{"line":163,"column":7},"end":{"line":173,"column":1}},"loc":{"start":{"line":163,"column":7},"end":{"line":173,"column":1}},"line":163},"12":{"name":"queryFn","decl":{"start":{"line":169,"column":13},"end":{"line":169,"column":101}},"loc":{"start":{"line":169,"column":13},"end":{"line":169,"column":101}},"line":169},"13":{"name":"useUnmappedLocations","decl":{"start":{"line":179,"column":7},"end":{"line":186,"column":1}},"loc":{"start":{"line":179,"column":7},"end":{"line":186,"column":1}},"line":179},"14":{"name":"useMappedLocations","decl":{"start":{"line":188,"column":7},"end":{"line":195,"column":1}},"loc":{"start":{"line":188,"column":7},"end":{"line":195,"column":1}},"line":188},"15":{"name":"useSaveCoordinate","decl":{"start":{"line":197,"column":7},"end":{"line":213,"column":1}},"loc":{"start":{"line":197,"column":7},"end":{"line":213,"column":1}},"line":197},"16":{"name":"useDeleteCoordinate","decl":{"start":{"line":215,"column":7},"end":{"line":229,"column":1}},"loc":{"start":{"line":215,"column":7},"end":{"line":229,"column":1}},"line":215},"17":{"name":"usePlantGeoConfig","decl":{"start":{"line":235,"column":7},"end":{"line":241,"column":1}},"loc":{"start":{"line":235,"column":7},"end":{"line":241,"column":1}},"line":235},"18":{"name":"useUpsertPlantGeo","decl":{"start":{"line":243,"column":7},"end":{"line":257,"column":1}},"loc":{"start":{"line":243,"column":7},"end":{"line":257,"column":1}},"line":243},"19":{"name":"useAddFloor","decl":{"start":{"line":273,"column":7},"end":{"line":287,"column":1}},"loc":{"start":{"line":273,"column":7},"end":{"line":287,"column":1}},"line":273},"20":{"name":"useDeleteFloor","decl":{"start":{"line":289,"column":7},"end":{"line":301,"column":1}},"loc":{"start":{"line":289,"column":7},"end":{"line":301,"column":1}},"line":289}},"f":{"0":2,"1":1,"2":3,"3":1,"4":0,"5":2,"6":1,"7":0,"8":0,"9":0,"10":0,"11":2,"12":1,"13":0,"14":0,"15":0,"16":0,"17":0,"18":0,"19":0,"20":0}}
,"/home/timgeldard/github/ConnectIO-RAD/apps/envmon/frontend/src/api/__tests__/client.test.tsx": {"path":"/home/timgeldard/github/ConnectIO-RAD/apps/envmon/frontend/src/api/__tests__/client.test.tsx","all":false,"statementMap":{"0":{"start":{"line":1,"column":0},"end":{"line":1,"column":60}},"1":{"start":{"line":2,"column":0},"end":{"line":2,"column":61}},"12":{"start":{"line":13,"column":0},"end":{"line":13,"column":29}},"13":{"start":{"line":14,"column":0},"end":{"line":14,"column":39}},"14":{"start":{"line":15,"column":0},"end":{"line":15,"column":49}},"15":{"start":{"line":16,"column":0},"end":{"line":16,"column":4}},"16":{"start":{"line":17,"column":0},"end":{"line":17,"column":53}},"17":{"start":{"line":18,"column":0},"end":{"line":18,"column":78}},"19":{"start":{"line":20,"column":0},"end":{"line":20,"column":1}},"21":{"start":{"line":22,"column":0},"end":{"line":22,"column":39}},"22":{"start":{"line":23,"column":0},"end":{"line":23,"column":20}},"23":{"start":{"line":24,"column":0},"end":{"line":24,"column":22}},"24":{"start":{"line":25,"column":0},"end":{"line":25,"column":4}},"26":{"start":{"line":27,"column":0},"end":{"line":27,"column":59}},"27":{"start":{"line":28,"column":0},"end":{"line":28,"column":64}},"28":{"start":{"line":29,"column":0},"end":{"line":29,"column":52}},"30":{"start":{"line":31,"column":0},"end":{"line":31,"column":82}},"32":{"start":{"line":33,"column":0},"end":{"line":33,"column":68}},"33":{"start":{"line":34,"column":0},"end":{"line":34,"column":49}},"34":{"start":{"line":35,"column":0},"end":{"line":35,"column":68}},"35":{"start":{"line":36,"column":0},"end":{"line":36,"column":4}},"37":{"start":{"line":38,"column":0},"end":{"line":38,"column":69}},"38":{"start":{"line":39,"column":0},"end":{"line":39,"column":64}},"39":{"start":{"line":40,"column":0},"end":{"line":40,"column":52}},"41":{"start":{"line":42,"column":0},"end":{"line":42,"column":86}},"43":{"start":{"line":44,"column":0},"end":{"line":44,"column":68}},"44":{"start":{"line":45,"column":0},"end":{"line":45,"column":49}},"45":{"start":{"line":46,"column":0},"end":{"line":46,"column":72}},"46":{"start":{"line":47,"column":0},"end":{"line":47,"column":4}},"48":{"start":{"line":49,"column":0},"end":{"line":49,"column":64}},"49":{"start":{"line":50,"column":0},"end":{"line":50,"column":86}},"50":{"start":{"line":51,"column":0},"end":{"line":51,"column":48}},"51":{"start":{"line":52,"column":0},"end":{"line":52,"column":44}},"52":{"start":{"line":53,"column":0},"end":{"line":53,"column":4}},"54":{"start":{"line":55,"column":0},"end":{"line":55,"column":63}},"55":{"start":{"line":56,"column":0},"end":{"line":56,"column":59}},"56":{"start":{"line":57,"column":0},"end":{"line":57,"column":114}},"58":{"start":{"line":59,"column":0},"end":{"line":59,"column":68}},"59":{"start":{"line":60,"column":0},"end":{"line":60,"column":110}},"60":{"start":{"line":61,"column":0},"end":{"line":61,"column":4}},"62":{"start":{"line":63,"column":0},"end":{"line":63,"column":58}},"63":{"start":{"line":64,"column":0},"end":{"line":64,"column":56}},"64":{"start":{"line":65,"column":0},"end":{"line":65,"column":101}},"66":{"start":{"line":67,"column":0},"end":{"line":67,"column":68}},"67":{"start":{"line":68,"column":0},"end":{"line":68,"column":86}},"68":{"start":{"line":69,"column":0},"end":{"line":69,"column":4}},"69":{"start":{"line":70,"column":0},"end":{"line":70,"column":2}}},"s":{"0":1,"1":1,"12":1,"13":5,"14":5,"15":5,"16":5,"17":5,"19":5,"21":1,"22":1,"23":5,"24":1,"26":1,"27":1,"28":1,"30":1,"32":1,"33":1,"34":1,"35":1,"37":1,"38":1,"39":1,"41":1,"43":1,"44":1,"45":1,"46":1,"48":1,"49":1,"50":1,"51":1,"52":1,"54":1,"55":1,"56":1,"58":1,"59":1,"60":1,"62":1,"63":1,"64":1,"66":1,"67":1,"68":1,"69":1},"branchMap":{"0":{"type":"branch","line":13,"loc":{"start":{"line":13,"column":22},"end":{"line":20,"column":1}},"locations":[{"start":{"line":13,"column":22},"end":{"line":20,"column":1}}]},"1":{"type":"branch","line":17,"loc":{"start":{"line":17,"column":9},"end":{"line":18,"column":78}},"locations":[{"start":{"line":17,"column":9},"end":{"line":18,"column":78}}]},"2":{"type":"branch","line":22,"loc":{"start":{"line":22,"column":32},"end":{"line":70,"column":2}},"locations":[{"start":{"line":22,"column":32},"end":{"line":70,"column":2}}]},"3":{"type":"branch","line":23,"loc":{"start":{"line":23,"column":13},"end":{"line":25,"column":3}},"locations":[{"start":{"line":23,"column":13},"end":{"line":25,"column":3}}]},"4":{"type":"branch","line":27,"loc":{"start":{"line":27,"column":46},"end":{"line":36,"column":3}},"locations":[{"start":{"line":27,"column":46},"end":{"line":36,"column":3}}]},"5":{"type":"branch","line":31,"loc":{"start":{"line":31,"column":34},"end":{"line":31,"column":53}},"locations":[{"start":{"line":31,"column":34},"end":{"line":31,"column":53}}]},"6":{"type":"branch","line":33,"loc":{"start":{"line":33,"column":18},"end":{"line":33,"column":67}},"locations":[{"start":{"line":33,"column":18},"end":{"line":33,"column":67}}]},"7":{"type":"branch","line":38,"loc":{"start":{"line":38,"column":56},"end":{"line":47,"column":3}},"locations":[{"start":{"line":38,"column":56},"end":{"line":47,"column":3}}]},"8":{"type":"branch","line":42,"loc":{"start":{"line":42,"column":34},"end":{"line":42,"column":57}},"locations":[{"start":{"line":42,"column":34},"end":{"line":42,"column":57}}]},"9":{"type":"branch","line":44,"loc":{"start":{"line":44,"column":18},"end":{"line":44,"column":67}},"locations":[{"start":{"line":44,"column":18},"end":{"line":44,"column":67}}]},"10":{"type":"branch","line":49,"loc":{"start":{"line":49,"column":51},"end":{"line":53,"column":3}},"locations":[{"start":{"line":49,"column":51},"end":{"line":53,"column":3}}]},"11":{"type":"branch","line":50,"loc":{"start":{"line":50,"column":34},"end":{"line":50,"column":57}},"locations":[{"start":{"line":50,"column":34},"end":{"line":50,"column":57}}]},"12":{"type":"branch","line":55,"loc":{"start":{"line":55,"column":50},"end":{"line":61,"column":3}},"locations":[{"start":{"line":55,"column":50},"end":{"line":61,"column":3}}]},"13":{"type":"branch","line":57,"loc":{"start":{"line":57,"column":34},"end":{"line":57,"column":85}},"locations":[{"start":{"line":57,"column":34},"end":{"line":57,"column":85}}]},"14":{"type":"branch","line":59,"loc":{"start":{"line":59,"column":18},"end":{"line":59,"column":67}},"locations":[{"start":{"line":59,"column":18},"end":{"line":59,"column":67}}]},"15":{"type":"branch","line":63,"loc":{"start":{"line":63,"column":45},"end":{"line":69,"column":3}},"locations":[{"start":{"line":63,"column":45},"end":{"line":69,"column":3}}]},"16":{"type":"branch","line":65,"loc":{"start":{"line":65,"column":34},"end":{"line":65,"column":72}},"locations":[{"start":{"line":65,"column":34},"end":{"line":65,"column":72}}]},"17":{"type":"branch","line":67,"loc":{"start":{"line":67,"column":18},"end":{"line":67,"column":67}},"locations":[{"start":{"line":67,"column":18},"end":{"line":67,"column":67}}]}},"b":{"0":[5],"1":[5],"2":[1],"3":[5],"4":[1],"5":[2],"6":[2],"7":[1],"8":[2],"9":[2],"10":[1],"11":[1],"12":[1],"13":[2],"14":[2],"15":[1],"16":[2],"17":[2]},"fnMap":{"0":{"name":"createWrapper","decl":{"start":{"line":13,"column":22},"end":{"line":20,"column":1}},"loc":{"start":{"line":13,"column":22},"end":{"line":20,"column":1}},"line":13}},"f":{"0":5}}
,"/home/timgeldard/github/ConnectIO-RAD/apps/envmon/frontend/src/components/admin/CoordinateMapper.tsx": {"path":"/home/timgeldard/github/ConnectIO-RAD/apps/envmon/frontend/src/components/admin/CoordinateMapper.tsx","all":false,"statementMap":{"0":{"start":{"line":1,"column":0},"end":{"line":1,"column":3}},"26":{"start":{"line":27,"column":0},"end":{"line":27,"column":20}},"27":{"start":{"line":28,"column":0},"end":{"line":28,"column":27}},"28":{"start":{"line":29,"column":0},"end":{"line":29,"column":27}},"30":{"start":{"line":31,"column":0},"end":{"line":31,"column":46}},"31":{"start":{"line":32,"column":0},"end":{"line":32,"column":29}},"32":{"start":{"line":33,"column":0},"end":{"line":33,"column":29}},"33":{"start":{"line":34,"column":0},"end":{"line":34,"column":32}},"34":{"start":{"line":35,"column":0},"end":{"line":35,"column":32}},"35":{"start":{"line":36,"column":0},"end":{"line":36,"column":32}},"36":{"start":{"line":37,"column":0},"end":{"line":37,"column":2}},"38":{"start":{"line":39,"column":0},"end":{"line":39,"column":45}},"39":{"start":{"line":40,"column":0},"end":{"line":40,"column":38}},"40":{"start":{"line":41,"column":0},"end":{"line":41,"column":40}},"41":{"start":{"line":42,"column":0},"end":{"line":42,"column":41}},"42":{"start":{"line":43,"column":0},"end":{"line":43,"column":38}},"43":{"start":{"line":44,"column":0},"end":{"line":44,"column":71}},"44":{"start":{"line":45,"column":0},"end":{"line":45,"column":2}},"48":{"start":{"line":49,"column":0},"end":{"line":49,"column":68}},"49":{"start":{"line":50,"column":0},"end":{"line":50,"column":57}},"50":{"start":{"line":51,"column":0},"end":{"line":51,"column":91}},"51":{"start":{"line":52,"column":0},"end":{"line":52,"column":1}},"57":{"start":{"line":58,"column":0},"end":{"line":58,"column":85}},"58":{"start":{"line":59,"column":0},"end":{"line":59,"column":26}},"59":{"start":{"line":60,"column":0},"end":{"line":60,"column":56}},"60":{"start":{"line":61,"column":0},"end":{"line":61,"column":49}},"61":{"start":{"line":62,"column":0},"end":{"line":62,"column":49}},"62":{"start":{"line":63,"column":0},"end":{"line":63,"column":49}},"64":{"start":{"line":65,"column":0},"end":{"line":65,"column":48}},"65":{"start":{"line":66,"column":0},"end":{"line":66,"column":23}},"66":{"start":{"line":67,"column":0},"end":{"line":67,"column":53}},"67":{"start":{"line":68,"column":0},"end":{"line":68,"column":13}},"68":{"start":{"line":69,"column":0},"end":{"line":69,"column":82}},"69":{"start":{"line":70,"column":0},"end":{"line":70,"column":61}},"70":{"start":{"line":71,"column":0},"end":{"line":71,"column":28}},"71":{"start":{"line":72,"column":0},"end":{"line":72,"column":6}},"72":{"start":{"line":73,"column":0},"end":{"line":73,"column":4}},"74":{"start":{"line":75,"column":0},"end":{"line":75,"column":10}},"75":{"start":{"line":76,"column":0},"end":{"line":76,"column":110}},"76":{"start":{"line":77,"column":0},"end":{"line":77,"column":134}},"77":{"start":{"line":78,"column":0},"end":{"line":78,"column":72}},"78":{"start":{"line":79,"column":0},"end":{"line":79,"column":128}},"79":{"start":{"line":80,"column":0},"end":{"line":80,"column":109}},"80":{"start":{"line":81,"column":0},"end":{"line":81,"column":134}},"81":{"start":{"line":82,"column":0},"end":{"line":82,"column":109}},"82":{"start":{"line":83,"column":0},"end":{"line":83,"column":130}},"83":{"start":{"line":84,"column":0},"end":{"line":84,"column":109}},"84":{"start":{"line":85,"column":0},"end":{"line":85,"column":49}},"85":{"start":{"line":86,"column":0},"end":{"line":86,"column":128}},"86":{"start":{"line":87,"column":0},"end":{"line":87,"column":86}},"87":{"start":{"line":88,"column":0},"end":{"line":88,"column":19}},"88":{"start":{"line":89,"column":0},"end":{"line":89,"column":123}},"89":{"start":{"line":90,"column":0},"end":{"line":90,"column":14}},"90":{"start":{"line":91,"column":0},"end":{"line":91,"column":12}},"91":{"start":{"line":92,"column":0},"end":{"line":92,"column":11}},"93":{"start":{"line":94,"column":0},"end":{"line":94,"column":1}},"99":{"start":{"line":100,"column":0},"end":{"line":100,"column":26}},"100":{"start":{"line":101,"column":0},"end":{"line":101,"column":26}},"101":{"start":{"line":102,"column":0},"end":{"line":102,"column":44}},"102":{"start":{"line":103,"column":0},"end":{"line":103,"column":51}},"103":{"start":{"line":104,"column":0},"end":{"line":104,"column":60}},"105":{"start":{"line":106,"column":0},"end":{"line":106,"column":33}},"106":{"start":{"line":107,"column":0},"end":{"line":107,"column":53}},"107":{"start":{"line":108,"column":0},"end":{"line":108,"column":12}},"108":{"start":{"line":109,"column":0},"end":{"line":109,"column":4}},"110":{"start":{"line":111,"column":0},"end":{"line":111,"column":93}},"111":{"start":{"line":112,"column":0},"end":{"line":112,"column":82}},"113":{"start":{"line":114,"column":0},"end":{"line":114,"column":71}},"114":{"start":{"line":115,"column":0},"end":{"line":115,"column":76}},"115":{"start":{"line":116,"column":0},"end":{"line":116,"column":50}},"116":{"start":{"line":117,"column":0},"end":{"line":117,"column":36}},"117":{"start":{"line":118,"column":0},"end":{"line":118,"column":4}},"119":{"start":{"line":120,"column":0},"end":{"line":120,"column":78}},"120":{"start":{"line":121,"column":0},"end":{"line":121,"column":25}},"121":{"start":{"line":122,"column":0},"end":{"line":122,"column":14}},"122":{"start":{"line":123,"column":0},"end":{"line":123,"column":98}},"123":{"start":{"line":124,"column":0},"end":{"line":124,"column":8}},"124":{"start":{"line":125,"column":0},"end":{"line":125,"column":61}},"125":{"start":{"line":126,"column":0},"end":{"line":126,"column":4}},"127":{"start":{"line":128,"column":0},"end":{"line":128,"column":43}},"128":{"start":{"line":129,"column":0},"end":{"line":129,"column":60}},"129":{"start":{"line":130,"column":0},"end":{"line":130,"column":60}},"130":{"start":{"line":131,"column":0},"end":{"line":131,"column":41}},"131":{"start":{"line":132,"column":0},"end":{"line":132,"column":35}},"132":{"start":{"line":133,"column":0},"end":{"line":133,"column":79}},"133":{"start":{"line":134,"column":0},"end":{"line":134,"column":7}},"134":{"start":{"line":135,"column":0},"end":{"line":135,"column":4}},"136":{"start":{"line":137,"column":0},"end":{"line":137,"column":10}},"137":{"start":{"line":138,"column":0},"end":{"line":138,"column":57}},"138":{"start":{"line":139,"column":0},"end":{"line":139,"column":96}},"139":{"start":{"line":140,"column":0},"end":{"line":140,"column":92}},"140":{"start":{"line":141,"column":0},"end":{"line":141,"column":36}},"141":{"start":{"line":142,"column":0},"end":{"line":142,"column":10}},"142":{"start":{"line":143,"column":0},"end":{"line":143,"column":29}},"143":{"start":{"line":144,"column":0},"end":{"line":144,"column":15}},"144":{"start":{"line":145,"column":0},"end":{"line":145,"column":14}},"145":{"start":{"line":146,"column":0},"end":{"line":146,"column":54}},"146":{"start":{"line":147,"column":0},"end":{"line":147,"column":52}},"147":{"start":{"line":148,"column":0},"end":{"line":148,"column":52}},"148":{"start":{"line":149,"column":0},"end":{"line":149,"column":21}},"149":{"start":{"line":150,"column":0},"end":{"line":150,"column":15}},"150":{"start":{"line":151,"column":0},"end":{"line":151,"column":16}},"151":{"start":{"line":152,"column":0},"end":{"line":152,"column":15}},"152":{"start":{"line":153,"column":0},"end":{"line":153,"column":30}},"153":{"start":{"line":154,"column":0},"end":{"line":154,"column":33}},"154":{"start":{"line":155,"column":0},"end":{"line":155,"column":18}},"155":{"start":{"line":156,"column":0},"end":{"line":156,"column":71}},"156":{"start":{"line":157,"column":0},"end":{"line":157,"column":109}},"157":{"start":{"line":158,"column":0},"end":{"line":158,"column":19}},"158":{"start":{"line":159,"column":0},"end":{"line":159,"column":18}},"159":{"start":{"line":160,"column":0},"end":{"line":160,"column":22}},"160":{"start":{"line":161,"column":0},"end":{"line":161,"column":31}},"161":{"start":{"line":162,"column":0},"end":{"line":162,"column":28}},"162":{"start":{"line":163,"column":0},"end":{"line":163,"column":44}},"163":{"start":{"line":164,"column":0},"end":{"line":164,"column":53}},"164":{"start":{"line":165,"column":0},"end":{"line":165,"column":79}},"165":{"start":{"line":166,"column":0},"end":{"line":166,"column":126}},"166":{"start":{"line":167,"column":0},"end":{"line":167,"column":18}},"167":{"start":{"line":168,"column":0},"end":{"line":168,"column":19}},"168":{"start":{"line":169,"column":0},"end":{"line":169,"column":18}},"169":{"start":{"line":170,"column":0},"end":{"line":170,"column":22}},"170":{"start":{"line":171,"column":0},"end":{"line":171,"column":31}},"171":{"start":{"line":172,"column":0},"end":{"line":172,"column":28}},"172":{"start":{"line":173,"column":0},"end":{"line":173,"column":44}},"173":{"start":{"line":174,"column":0},"end":{"line":174,"column":53}},"174":{"start":{"line":175,"column":0},"end":{"line":175,"column":79}},"175":{"start":{"line":176,"column":0},"end":{"line":176,"column":126}},"176":{"start":{"line":177,"column":0},"end":{"line":177,"column":18}},"177":{"start":{"line":178,"column":0},"end":{"line":178,"column":19}},"178":{"start":{"line":179,"column":0},"end":{"line":179,"column":18}},"179":{"start":{"line":180,"column":0},"end":{"line":180,"column":43}},"180":{"start":{"line":181,"column":0},"end":{"line":181,"column":139}},"182":{"start":{"line":183,"column":0},"end":{"line":183,"column":25}},"183":{"start":{"line":184,"column":0},"end":{"line":184,"column":54}},"184":{"start":{"line":185,"column":0},"end":{"line":185,"column":40}},"185":{"start":{"line":186,"column":0},"end":{"line":186,"column":58}},"187":{"start":{"line":188,"column":0},"end":{"line":188,"column":48}},"188":{"start":{"line":189,"column":0},"end":{"line":189,"column":27}},"190":{"start":{"line":191,"column":0},"end":{"line":191,"column":19}},"191":{"start":{"line":192,"column":0},"end":{"line":192,"column":17}},"192":{"start":{"line":193,"column":0},"end":{"line":193,"column":13}},"193":{"start":{"line":194,"column":0},"end":{"line":194,"column":35}},"194":{"start":{"line":195,"column":0},"end":{"line":195,"column":16}},"195":{"start":{"line":196,"column":0},"end":{"line":196,"column":125}},"196":{"start":{"line":197,"column":0},"end":{"line":197,"column":17}},"198":{"start":{"line":199,"column":0},"end":{"line":199,"column":16}},"199":{"start":{"line":200,"column":0},"end":{"line":200,"column":14}},"200":{"start":{"line":201,"column":0},"end":{"line":201,"column":10}},"202":{"start":{"line":203,"column":0},"end":{"line":203,"column":1}},"208":{"start":{"line":209,"column":0},"end":{"line":209,"column":44}},"209":{"start":{"line":210,"column":0},"end":{"line":210,"column":26}},"210":{"start":{"line":211,"column":0},"end":{"line":211,"column":75}},"211":{"start":{"line":212,"column":0},"end":{"line":212,"column":84}},"212":{"start":{"line":213,"column":0},"end":{"line":213,"column":33}},"213":{"start":{"line":214,"column":0},"end":{"line":214,"column":45}},"216":{"start":{"line":217,"column":0},"end":{"line":217,"column":70}},"217":{"start":{"line":218,"column":0},"end":{"line":218,"column":78}},"218":{"start":{"line":219,"column":0},"end":{"line":219,"column":65}},"220":{"start":{"line":221,"column":0},"end":{"line":221,"column":19}},"221":{"start":{"line":222,"column":0},"end":{"line":222,"column":86}},"222":{"start":{"line":223,"column":0},"end":{"line":223,"column":32}},"225":{"start":{"line":226,"column":0},"end":{"line":226,"column":77}},"226":{"start":{"line":227,"column":0},"end":{"line":227,"column":70}},"227":{"start":{"line":228,"column":0},"end":{"line":228,"column":58}},"228":{"start":{"line":229,"column":0},"end":{"line":229,"column":51}},"230":{"start":{"line":231,"column":0},"end":{"line":231,"column":19}},"231":{"start":{"line":232,"column":0},"end":{"line":232,"column":97}},"232":{"start":{"line":233,"column":0},"end":{"line":233,"column":41}},"233":{"start":{"line":234,"column":0},"end":{"line":234,"column":5}},"234":{"start":{"line":235,"column":0},"end":{"line":235,"column":28}},"236":{"start":{"line":237,"column":0},"end":{"line":237,"column":31}},"237":{"start":{"line":238,"column":0},"end":{"line":238,"column":78}},"238":{"start":{"line":239,"column":0},"end":{"line":239,"column":26}},"239":{"start":{"line":240,"column":0},"end":{"line":240,"column":4}},"241":{"start":{"line":242,"column":0},"end":{"line":242,"column":63}},"242":{"start":{"line":243,"column":0},"end":{"line":243,"column":64}},"245":{"start":{"line":246,"column":0},"end":{"line":246,"column":100}},"246":{"start":{"line":247,"column":0},"end":{"line":247,"column":35}},"247":{"start":{"line":248,"column":0},"end":{"line":248,"column":40}},"248":{"start":{"line":249,"column":0},"end":{"line":249,"column":75}},"249":{"start":{"line":250,"column":0},"end":{"line":250,"column":13}},"250":{"start":{"line":251,"column":0},"end":{"line":251,"column":20}},"253":{"start":{"line":254,"column":0},"end":{"line":254,"column":92}},"254":{"start":{"line":255,"column":0},"end":{"line":255,"column":90}},"255":{"start":{"line":256,"column":0},"end":{"line":256,"column":80}},"256":{"start":{"line":257,"column":0},"end":{"line":257,"column":84}},"258":{"start":{"line":259,"column":0},"end":{"line":259,"column":30}},"259":{"start":{"line":260,"column":0},"end":{"line":260,"column":59}},"260":{"start":{"line":261,"column":0},"end":{"line":261,"column":26}},"261":{"start":{"line":262,"column":0},"end":{"line":262,"column":4}},"264":{"start":{"line":265,"column":0},"end":{"line":265,"column":35}},"265":{"start":{"line":266,"column":0},"end":{"line":266,"column":35}},"266":{"start":{"line":267,"column":0},"end":{"line":267,"column":35}},"267":{"start":{"line":268,"column":0},"end":{"line":268,"column":35}},"268":{"start":{"line":269,"column":0},"end":{"line":269,"column":53}},"270":{"start":{"line":271,"column":0},"end":{"line":271,"column":52}},"271":{"start":{"line":272,"column":0},"end":{"line":272,"column":65}},"272":{"start":{"line":273,"column":0},"end":{"line":273,"column":108}},"273":{"start":{"line":274,"column":0},"end":{"line":274,"column":63}},"274":{"start":{"line":275,"column":0},"end":{"line":275,"column":105}},"275":{"start":{"line":276,"column":0},"end":{"line":276,"column":63}},"276":{"start":{"line":277,"column":0},"end":{"line":277,"column":105}},"277":{"start":{"line":278,"column":0},"end":{"line":278,"column":63}},"279":{"start":{"line":280,"column":0},"end":{"line":280,"column":42}},"280":{"start":{"line":281,"column":0},"end":{"line":281,"column":40}},"281":{"start":{"line":282,"column":0},"end":{"line":282,"column":35}},"282":{"start":{"line":283,"column":0},"end":{"line":283,"column":47}},"283":{"start":{"line":284,"column":0},"end":{"line":284,"column":46}},"284":{"start":{"line":285,"column":0},"end":{"line":285,"column":46}},"285":{"start":{"line":286,"column":0},"end":{"line":286,"column":46}},"286":{"start":{"line":287,"column":0},"end":{"line":287,"column":46}},"287":{"start":{"line":288,"column":0},"end":{"line":288,"column":70}},"288":{"start":{"line":289,"column":0},"end":{"line":289,"column":18}},"289":{"start":{"line":290,"column":0},"end":{"line":290,"column":7}},"290":{"start":{"line":291,"column":0},"end":{"line":291,"column":46}},"292":{"start":{"line":293,"column":0},"end":{"line":293,"column":40}},"293":{"start":{"line":294,"column":0},"end":{"line":294,"column":40}},"294":{"start":{"line":295,"column":0},"end":{"line":295,"column":79}},"295":{"start":{"line":296,"column":0},"end":{"line":296,"column":28}},"297":{"start":{"line":298,"column":0},"end":{"line":298,"column":81}},"298":{"start":{"line":299,"column":0},"end":{"line":299,"column":70}},"299":{"start":{"line":300,"column":0},"end":{"line":300,"column":59}},"302":{"start":{"line":303,"column":0},"end":{"line":303,"column":68}},"303":{"start":{"line":304,"column":0},"end":{"line":304,"column":78}},"304":{"start":{"line":305,"column":0},"end":{"line":305,"column":88}},"306":{"start":{"line":307,"column":0},"end":{"line":307,"column":112}},"307":{"start":{"line":308,"column":0},"end":{"line":308,"column":66}},"308":{"start":{"line":309,"column":0},"end":{"line":309,"column":39}},"309":{"start":{"line":310,"column":0},"end":{"line":310,"column":50}},"310":{"start":{"line":311,"column":0},"end":{"line":311,"column":4}},"312":{"start":{"line":313,"column":0},"end":{"line":313,"column":37}},"313":{"start":{"line":314,"column":0},"end":{"line":314,"column":43}},"314":{"start":{"line":315,"column":0},"end":{"line":315,"column":35}},"315":{"start":{"line":316,"column":0},"end":{"line":316,"column":30}},"316":{"start":{"line":317,"column":0},"end":{"line":317,"column":40}},"317":{"start":{"line":318,"column":0},"end":{"line":318,"column":37}},"318":{"start":{"line":319,"column":0},"end":{"line":319,"column":39}},"319":{"start":{"line":320,"column":0},"end":{"line":320,"column":28}},"320":{"start":{"line":321,"column":0},"end":{"line":321,"column":54}},"321":{"start":{"line":322,"column":0},"end":{"line":322,"column":14}},"322":{"start":{"line":323,"column":0},"end":{"line":323,"column":96}},"323":{"start":{"line":324,"column":0},"end":{"line":324,"column":96}},"324":{"start":{"line":325,"column":0},"end":{"line":325,"column":8}},"325":{"start":{"line":326,"column":0},"end":{"line":326,"column":6}},"326":{"start":{"line":327,"column":0},"end":{"line":327,"column":28}},"327":{"start":{"line":328,"column":0},"end":{"line":328,"column":4}},"329":{"start":{"line":330,"column":0},"end":{"line":330,"column":33}},"330":{"start":{"line":331,"column":0},"end":{"line":331,"column":44}},"331":{"start":{"line":332,"column":0},"end":{"line":332,"column":25}},"332":{"start":{"line":333,"column":0},"end":{"line":333,"column":56}},"333":{"start":{"line":334,"column":0},"end":{"line":334,"column":55}},"334":{"start":{"line":335,"column":0},"end":{"line":335,"column":23}},"335":{"start":{"line":336,"column":0},"end":{"line":336,"column":21}},"336":{"start":{"line":337,"column":0},"end":{"line":337,"column":94}},"337":{"start":{"line":338,"column":0},"end":{"line":338,"column":9}},"338":{"start":{"line":339,"column":0},"end":{"line":339,"column":28}},"339":{"start":{"line":340,"column":0},"end":{"line":340,"column":111}},"340":{"start":{"line":341,"column":0},"end":{"line":341,"column":30}},"341":{"start":{"line":342,"column":0},"end":{"line":342,"column":12}},"342":{"start":{"line":343,"column":0},"end":{"line":343,"column":81}},"343":{"start":{"line":344,"column":0},"end":{"line":344,"column":10}},"344":{"start":{"line":345,"column":0},"end":{"line":345,"column":8}},"345":{"start":{"line":346,"column":0},"end":{"line":346,"column":6}},"346":{"start":{"line":347,"column":0},"end":{"line":347,"column":72}},"347":{"start":{"line":348,"column":0},"end":{"line":348,"column":4}},"349":{"start":{"line":350,"column":0},"end":{"line":350,"column":65}},"350":{"start":{"line":351,"column":0},"end":{"line":351,"column":59}},"351":{"start":{"line":352,"column":0},"end":{"line":352,"column":4}},"353":{"start":{"line":354,"column":0},"end":{"line":354,"column":46}},"354":{"start":{"line":355,"column":0},"end":{"line":355,"column":64}},"355":{"start":{"line":356,"column":0},"end":{"line":356,"column":46}},"356":{"start":{"line":357,"column":0},"end":{"line":357,"column":36}},"357":{"start":{"line":358,"column":0},"end":{"line":358,"column":66}},"358":{"start":{"line":359,"column":0},"end":{"line":359,"column":10}},"359":{"start":{"line":360,"column":0},"end":{"line":360,"column":4}},"361":{"start":{"line":362,"column":0},"end":{"line":362,"column":43}},"362":{"start":{"line":363,"column":0},"end":{"line":363,"column":47}},"363":{"start":{"line":364,"column":0},"end":{"line":364,"column":35}},"364":{"start":{"line":365,"column":0},"end":{"line":365,"column":55}},"365":{"start":{"line":366,"column":0},"end":{"line":366,"column":104}},"366":{"start":{"line":367,"column":0},"end":{"line":367,"column":6}},"367":{"start":{"line":368,"column":0},"end":{"line":368,"column":61}},"368":{"start":{"line":369,"column":0},"end":{"line":369,"column":4}},"370":{"start":{"line":371,"column":0},"end":{"line":371,"column":41}},"371":{"start":{"line":372,"column":0},"end":{"line":372,"column":47}},"372":{"start":{"line":373,"column":0},"end":{"line":373,"column":63}},"373":{"start":{"line":374,"column":0},"end":{"line":374,"column":55}},"374":{"start":{"line":375,"column":0},"end":{"line":375,"column":16}},"375":{"start":{"line":376,"column":0},"end":{"line":376,"column":23}},"376":{"start":{"line":377,"column":0},"end":{"line":377,"column":93}},"377":{"start":{"line":378,"column":0},"end":{"line":378,"column":11}},"378":{"start":{"line":379,"column":0},"end":{"line":379,"column":111}},"379":{"start":{"line":380,"column":0},"end":{"line":380,"column":61}},"380":{"start":{"line":381,"column":0},"end":{"line":381,"column":12}},"381":{"start":{"line":382,"column":0},"end":{"line":382,"column":10}},"382":{"start":{"line":383,"column":0},"end":{"line":383,"column":7}},"383":{"start":{"line":384,"column":0},"end":{"line":384,"column":52}},"384":{"start":{"line":385,"column":0},"end":{"line":385,"column":6}},"385":{"start":{"line":386,"column":0},"end":{"line":386,"column":79}},"386":{"start":{"line":387,"column":0},"end":{"line":387,"column":4}},"388":{"start":{"line":389,"column":0},"end":{"line":389,"column":46}},"389":{"start":{"line":390,"column":0},"end":{"line":390,"column":25}},"390":{"start":{"line":391,"column":0},"end":{"line":391,"column":21}},"391":{"start":{"line":392,"column":0},"end":{"line":392,"column":29}},"392":{"start":{"line":393,"column":0},"end":{"line":393,"column":7}},"393":{"start":{"line":394,"column":0},"end":{"line":394,"column":96}},"394":{"start":{"line":395,"column":0},"end":{"line":395,"column":57}},"395":{"start":{"line":396,"column":0},"end":{"line":396,"column":8}},"396":{"start":{"line":397,"column":0},"end":{"line":397,"column":6}},"397":{"start":{"line":398,"column":0},"end":{"line":398,"column":4}},"399":{"start":{"line":400,"column":0},"end":{"line":400,"column":56}},"401":{"start":{"line":402,"column":0},"end":{"line":402,"column":10}},"402":{"start":{"line":403,"column":0},"end":{"line":403,"column":78}},"404":{"start":{"line":405,"column":0},"end":{"line":405,"column":30}},"405":{"start":{"line":406,"column":0},"end":{"line":406,"column":15}},"406":{"start":{"line":407,"column":0},"end":{"line":407,"column":67}},"407":{"start":{"line":408,"column":0},"end":{"line":408,"column":46}},"409":{"start":{"line":410,"column":0},"end":{"line":410,"column":43}},"410":{"start":{"line":411,"column":0},"end":{"line":411,"column":17}},"411":{"start":{"line":412,"column":0},"end":{"line":412,"column":15}},"412":{"start":{"line":413,"column":0},"end":{"line":413,"column":65}},"413":{"start":{"line":414,"column":0},"end":{"line":414,"column":44}},"415":{"start":{"line":416,"column":0},"end":{"line":416,"column":41}},"416":{"start":{"line":417,"column":0},"end":{"line":417,"column":17}},"417":{"start":{"line":418,"column":0},"end":{"line":418,"column":12}},"419":{"start":{"line":420,"column":0},"end":{"line":420,"column":29}},"420":{"start":{"line":421,"column":0},"end":{"line":421,"column":54}},"421":{"start":{"line":422,"column":0},"end":{"line":422,"column":27}},"422":{"start":{"line":423,"column":0},"end":{"line":423,"column":14}},"424":{"start":{"line":425,"column":0},"end":{"line":425,"column":41}},"428":{"start":{"line":429,"column":0},"end":{"line":429,"column":41}},"430":{"start":{"line":431,"column":0},"end":{"line":431,"column":92}},"431":{"start":{"line":432,"column":0},"end":{"line":432,"column":120}},"432":{"start":{"line":433,"column":0},"end":{"line":433,"column":17}},"433":{"start":{"line":434,"column":0},"end":{"line":434,"column":33}},"434":{"start":{"line":435,"column":0},"end":{"line":435,"column":91}},"435":{"start":{"line":436,"column":0},"end":{"line":436,"column":56}},"437":{"start":{"line":438,"column":0},"end":{"line":438,"column":84}},"438":{"start":{"line":439,"column":0},"end":{"line":439,"column":32}},"439":{"start":{"line":440,"column":0},"end":{"line":440,"column":96}},"440":{"start":{"line":441,"column":0},"end":{"line":441,"column":15}},"441":{"start":{"line":442,"column":0},"end":{"line":442,"column":19}},"442":{"start":{"line":443,"column":0},"end":{"line":443,"column":14}},"445":{"start":{"line":446,"column":0},"end":{"line":446,"column":92}},"446":{"start":{"line":447,"column":0},"end":{"line":447,"column":115}},"447":{"start":{"line":448,"column":0},"end":{"line":448,"column":178}},"448":{"start":{"line":449,"column":0},"end":{"line":449,"column":75}},"449":{"start":{"line":450,"column":0},"end":{"line":450,"column":98}},"450":{"start":{"line":451,"column":0},"end":{"line":451,"column":36}},"451":{"start":{"line":452,"column":0},"end":{"line":452,"column":21}},"452":{"start":{"line":453,"column":0},"end":{"line":453,"column":16}},"453":{"start":{"line":454,"column":0},"end":{"line":454,"column":39}},"454":{"start":{"line":455,"column":0},"end":{"line":455,"column":84}},"456":{"start":{"line":457,"column":0},"end":{"line":457,"column":120}},"457":{"start":{"line":458,"column":0},"end":{"line":458,"column":53}},"458":{"start":{"line":459,"column":0},"end":{"line":459,"column":104}},"460":{"start":{"line":461,"column":0},"end":{"line":461,"column":30}},"461":{"start":{"line":462,"column":0},"end":{"line":462,"column":109}},"462":{"start":{"line":463,"column":0},"end":{"line":463,"column":21}},"463":{"start":{"line":464,"column":0},"end":{"line":464,"column":58}},"464":{"start":{"line":465,"column":0},"end":{"line":465,"column":24}},"465":{"start":{"line":466,"column":0},"end":{"line":466,"column":96}},"466":{"start":{"line":467,"column":0},"end":{"line":467,"column":121}},"467":{"start":{"line":468,"column":0},"end":{"line":468,"column":69}},"468":{"start":{"line":469,"column":0},"end":{"line":469,"column":41}},"469":{"start":{"line":470,"column":0},"end":{"line":470,"column":18}},"471":{"start":{"line":472,"column":0},"end":{"line":472,"column":133}},"472":{"start":{"line":473,"column":0},"end":{"line":473,"column":23}},"473":{"start":{"line":474,"column":0},"end":{"line":474,"column":77}},"474":{"start":{"line":475,"column":0},"end":{"line":475,"column":65}},"475":{"start":{"line":476,"column":0},"end":{"line":476,"column":54}},"476":{"start":{"line":477,"column":0},"end":{"line":477,"column":89}},"477":{"start":{"line":478,"column":0},"end":{"line":478,"column":39}},"478":{"start":{"line":479,"column":0},"end":{"line":479,"column":23}},"479":{"start":{"line":480,"column":0},"end":{"line":480,"column":18}},"480":{"start":{"line":481,"column":0},"end":{"line":481,"column":13}},"481":{"start":{"line":482,"column":0},"end":{"line":482,"column":14}},"484":{"start":{"line":485,"column":0},"end":{"line":485,"column":21}},"485":{"start":{"line":486,"column":0},"end":{"line":486,"column":97}},"487":{"start":{"line":488,"column":0},"end":{"line":488,"column":111}},"488":{"start":{"line":489,"column":0},"end":{"line":489,"column":21}},"489":{"start":{"line":490,"column":0},"end":{"line":490,"column":79}},"490":{"start":{"line":491,"column":0},"end":{"line":491,"column":58}},"492":{"start":{"line":493,"column":0},"end":{"line":493,"column":84}},"493":{"start":{"line":494,"column":0},"end":{"line":494,"column":23}},"494":{"start":{"line":495,"column":0},"end":{"line":495,"column":21}},"495":{"start":{"line":496,"column":0},"end":{"line":496,"column":77}},"496":{"start":{"line":497,"column":0},"end":{"line":497,"column":56}},"498":{"start":{"line":499,"column":0},"end":{"line":499,"column":80}},"499":{"start":{"line":500,"column":0},"end":{"line":500,"column":23}},"500":{"start":{"line":501,"column":0},"end":{"line":501,"column":18}},"503":{"start":{"line":504,"column":0},"end":{"line":504,"column":44}},"504":{"start":{"line":505,"column":0},"end":{"line":505,"column":71}},"505":{"start":{"line":506,"column":0},"end":{"line":506,"column":54}},"506":{"start":{"line":507,"column":0},"end":{"line":507,"column":20}},"507":{"start":{"line":508,"column":0},"end":{"line":508,"column":114}},"508":{"start":{"line":509,"column":0},"end":{"line":509,"column":112}},"509":{"start":{"line":510,"column":0},"end":{"line":510,"column":112}},"510":{"start":{"line":511,"column":0},"end":{"line":511,"column":109}},"511":{"start":{"line":512,"column":0},"end":{"line":512,"column":76}},"512":{"start":{"line":513,"column":0},"end":{"line":513,"column":34}},"513":{"start":{"line":514,"column":0},"end":{"line":514,"column":140}},"514":{"start":{"line":515,"column":0},"end":{"line":515,"column":71}},"515":{"start":{"line":516,"column":0},"end":{"line":516,"column":66}},"516":{"start":{"line":517,"column":0},"end":{"line":517,"column":69}},"517":{"start":{"line":518,"column":0},"end":{"line":518,"column":80}},"518":{"start":{"line":519,"column":0},"end":{"line":519,"column":84}},"519":{"start":{"line":520,"column":0},"end":{"line":520,"column":31}},"520":{"start":{"line":521,"column":0},"end":{"line":521,"column":26}},"521":{"start":{"line":522,"column":0},"end":{"line":522,"column":21}},"522":{"start":{"line":523,"column":0},"end":{"line":523,"column":22}},"523":{"start":{"line":524,"column":0},"end":{"line":524,"column":50}},"524":{"start":{"line":525,"column":0},"end":{"line":525,"column":56}},"525":{"start":{"line":526,"column":0},"end":{"line":526,"column":177}},"526":{"start":{"line":527,"column":0},"end":{"line":527,"column":46}},"527":{"start":{"line":528,"column":0},"end":{"line":528,"column":27}},"528":{"start":{"line":529,"column":0},"end":{"line":529,"column":26}},"529":{"start":{"line":530,"column":0},"end":{"line":530,"column":33}},"530":{"start":{"line":531,"column":0},"end":{"line":531,"column":64}},"531":{"start":{"line":532,"column":0},"end":{"line":532,"column":41}},"532":{"start":{"line":533,"column":0},"end":{"line":533,"column":70}},"533":{"start":{"line":534,"column":0},"end":{"line":534,"column":128}},"534":{"start":{"line":535,"column":0},"end":{"line":535,"column":22}},"535":{"start":{"line":536,"column":0},"end":{"line":536,"column":37}},"536":{"start":{"line":537,"column":0},"end":{"line":537,"column":78}},"537":{"start":{"line":538,"column":0},"end":{"line":538,"column":165}},"538":{"start":{"line":539,"column":0},"end":{"line":539,"column":43}},"539":{"start":{"line":540,"column":0},"end":{"line":540,"column":31}},"541":{"start":{"line":542,"column":0},"end":{"line":542,"column":24}},"542":{"start":{"line":543,"column":0},"end":{"line":543,"column":22}},"543":{"start":{"line":544,"column":0},"end":{"line":544,"column":52}},"544":{"start":{"line":545,"column":0},"end":{"line":545,"column":21}},"545":{"start":{"line":546,"column":0},"end":{"line":546,"column":49}},"546":{"start":{"line":547,"column":0},"end":{"line":547,"column":55}},"547":{"start":{"line":548,"column":0},"end":{"line":548,"column":58}},"548":{"start":{"line":549,"column":0},"end":{"line":549,"column":51}},"549":{"start":{"line":550,"column":0},"end":{"line":550,"column":20}},"550":{"start":{"line":551,"column":0},"end":{"line":551,"column":22}},"551":{"start":{"line":552,"column":0},"end":{"line":552,"column":128}},"552":{"start":{"line":553,"column":0},"end":{"line":553,"column":71}},"553":{"start":{"line":554,"column":0},"end":{"line":554,"column":79}},"554":{"start":{"line":555,"column":0},"end":{"line":555,"column":42}},"555":{"start":{"line":556,"column":0},"end":{"line":556,"column":55}},"556":{"start":{"line":557,"column":0},"end":{"line":557,"column":54}},"557":{"start":{"line":558,"column":0},"end":{"line":558,"column":22}},"559":{"start":{"line":560,"column":0},"end":{"line":560,"column":48}},"560":{"start":{"line":561,"column":0},"end":{"line":561,"column":82}},"561":{"start":{"line":562,"column":0},"end":{"line":562,"column":144}},"562":{"start":{"line":563,"column":0},"end":{"line":563,"column":55}},"563":{"start":{"line":564,"column":0},"end":{"line":564,"column":60}},"564":{"start":{"line":565,"column":0},"end":{"line":565,"column":109}},"565":{"start":{"line":566,"column":0},"end":{"line":566,"column":37}},"566":{"start":{"line":567,"column":0},"end":{"line":567,"column":24}},"567":{"start":{"line":568,"column":0},"end":{"line":568,"column":19}},"568":{"start":{"line":569,"column":0},"end":{"line":569,"column":20}},"572":{"start":{"line":573,"column":0},"end":{"line":573,"column":42}},"573":{"start":{"line":574,"column":0},"end":{"line":574,"column":71}},"574":{"start":{"line":575,"column":0},"end":{"line":575,"column":126}},"575":{"start":{"line":576,"column":0},"end":{"line":576,"column":67}},"576":{"start":{"line":577,"column":0},"end":{"line":577,"column":93}},"577":{"start":{"line":578,"column":0},"end":{"line":578,"column":40}},"578":{"start":{"line":579,"column":0},"end":{"line":579,"column":56}},"579":{"start":{"line":580,"column":0},"end":{"line":580,"column":60}},"580":{"start":{"line":581,"column":0},"end":{"line":581,"column":22}},"582":{"start":{"line":583,"column":0},"end":{"line":583,"column":46}},"583":{"start":{"line":584,"column":0},"end":{"line":584,"column":71}},"584":{"start":{"line":585,"column":0},"end":{"line":585,"column":82}},"585":{"start":{"line":586,"column":0},"end":{"line":586,"column":146}},"586":{"start":{"line":587,"column":0},"end":{"line":587,"column":57}},"587":{"start":{"line":588,"column":0},"end":{"line":588,"column":93}},"588":{"start":{"line":589,"column":0},"end":{"line":589,"column":59}},"589":{"start":{"line":590,"column":0},"end":{"line":590,"column":111}},"590":{"start":{"line":591,"column":0},"end":{"line":591,"column":72}},"591":{"start":{"line":592,"column":0},"end":{"line":592,"column":76}},"592":{"start":{"line":593,"column":0},"end":{"line":593,"column":26}},"593":{"start":{"line":594,"column":0},"end":{"line":594,"column":83}},"594":{"start":{"line":595,"column":0},"end":{"line":595,"column":71}},"595":{"start":{"line":596,"column":0},"end":{"line":596,"column":65}},"596":{"start":{"line":597,"column":0},"end":{"line":597,"column":66}},"597":{"start":{"line":598,"column":0},"end":{"line":598,"column":44}},"598":{"start":{"line":599,"column":0},"end":{"line":599,"column":45}},"599":{"start":{"line":600,"column":0},"end":{"line":600,"column":29}},"600":{"start":{"line":601,"column":0},"end":{"line":601,"column":24}},"601":{"start":{"line":602,"column":0},"end":{"line":602,"column":19}},"602":{"start":{"line":603,"column":0},"end":{"line":603,"column":20}},"604":{"start":{"line":605,"column":0},"end":{"line":605,"column":16}},"606":{"start":{"line":607,"column":0},"end":{"line":607,"column":12}},"611":{"start":{"line":612,"column":0},"end":{"line":612,"column":40}},"612":{"start":{"line":613,"column":0},"end":{"line":613,"column":45}},"613":{"start":{"line":614,"column":0},"end":{"line":614,"column":17}},"614":{"start":{"line":615,"column":0},"end":{"line":615,"column":37}},"615":{"start":{"line":616,"column":0},"end":{"line":616,"column":60}},"616":{"start":{"line":617,"column":0},"end":{"line":617,"column":68}},"618":{"start":{"line":619,"column":0},"end":{"line":619,"column":98}},"619":{"start":{"line":620,"column":0},"end":{"line":620,"column":100}},"620":{"start":{"line":621,"column":0},"end":{"line":621,"column":19}},"621":{"start":{"line":622,"column":0},"end":{"line":622,"column":50}},"622":{"start":{"line":623,"column":0},"end":{"line":623,"column":15}},"623":{"start":{"line":624,"column":0},"end":{"line":624,"column":38}},"624":{"start":{"line":625,"column":0},"end":{"line":625,"column":51}},"625":{"start":{"line":626,"column":0},"end":{"line":626,"column":54}},"626":{"start":{"line":627,"column":0},"end":{"line":627,"column":40}},"627":{"start":{"line":628,"column":0},"end":{"line":628,"column":14}},"628":{"start":{"line":629,"column":0},"end":{"line":629,"column":17}},"629":{"start":{"line":630,"column":0},"end":{"line":630,"column":14}},"631":{"start":{"line":632,"column":0},"end":{"line":632,"column":35}},"632":{"start":{"line":633,"column":0},"end":{"line":633,"column":68}},"633":{"start":{"line":634,"column":0},"end":{"line":634,"column":91}},"634":{"start":{"line":635,"column":0},"end":{"line":635,"column":81}},"635":{"start":{"line":636,"column":0},"end":{"line":636,"column":79}},"636":{"start":{"line":637,"column":0},"end":{"line":637,"column":85}},"639":{"start":{"line":640,"column":0},"end":{"line":640,"column":104}},"640":{"start":{"line":641,"column":0},"end":{"line":641,"column":79}},"641":{"start":{"line":642,"column":0},"end":{"line":642,"column":55}},"642":{"start":{"line":643,"column":0},"end":{"line":643,"column":83}},"643":{"start":{"line":644,"column":0},"end":{"line":644,"column":57}},"644":{"start":{"line":645,"column":0},"end":{"line":645,"column":80}},"646":{"start":{"line":647,"column":0},"end":{"line":647,"column":37}},"647":{"start":{"line":648,"column":0},"end":{"line":648,"column":60}},"648":{"start":{"line":649,"column":0},"end":{"line":649,"column":61}},"649":{"start":{"line":650,"column":0},"end":{"line":650,"column":65}},"650":{"start":{"line":651,"column":0},"end":{"line":651,"column":71}},"651":{"start":{"line":652,"column":0},"end":{"line":652,"column":77}},"652":{"start":{"line":653,"column":0},"end":{"line":653,"column":92}},"653":{"start":{"line":654,"column":0},"end":{"line":654,"column":20}},"654":{"start":{"line":655,"column":0},"end":{"line":655,"column":38}},"655":{"start":{"line":656,"column":0},"end":{"line":656,"column":116}},"656":{"start":{"line":657,"column":0},"end":{"line":657,"column":83}},"657":{"start":{"line":658,"column":0},"end":{"line":658,"column":78}},"658":{"start":{"line":659,"column":0},"end":{"line":659,"column":98}},"659":{"start":{"line":660,"column":0},"end":{"line":660,"column":112}},"660":{"start":{"line":661,"column":0},"end":{"line":661,"column":84}},"661":{"start":{"line":662,"column":0},"end":{"line":662,"column":51}},"662":{"start":{"line":663,"column":0},"end":{"line":663,"column":72}},"663":{"start":{"line":664,"column":0},"end":{"line":664,"column":35}},"664":{"start":{"line":665,"column":0},"end":{"line":665,"column":23}},"665":{"start":{"line":666,"column":0},"end":{"line":666,"column":18}},"667":{"start":{"line":668,"column":0},"end":{"line":668,"column":13}},"669":{"start":{"line":670,"column":0},"end":{"line":670,"column":45}},"670":{"start":{"line":671,"column":0},"end":{"line":671,"column":70}},"671":{"start":{"line":672,"column":0},"end":{"line":672,"column":72}},"672":{"start":{"line":673,"column":0},"end":{"line":673,"column":59}},"675":{"start":{"line":676,"column":0},"end":{"line":676,"column":24}},"676":{"start":{"line":677,"column":0},"end":{"line":677,"column":67}},"677":{"start":{"line":678,"column":0},"end":{"line":678,"column":57}},"678":{"start":{"line":679,"column":0},"end":{"line":679,"column":84}},"679":{"start":{"line":680,"column":0},"end":{"line":680,"column":37}},"681":{"start":{"line":682,"column":0},"end":{"line":682,"column":14}},"683":{"start":{"line":684,"column":0},"end":{"line":684,"column":38}},"684":{"start":{"line":685,"column":0},"end":{"line":685,"column":101}},"685":{"start":{"line":686,"column":0},"end":{"line":686,"column":79}},"686":{"start":{"line":687,"column":0},"end":{"line":687,"column":130}},"687":{"start":{"line":688,"column":0},"end":{"line":688,"column":16}},"690":{"start":{"line":691,"column":0},"end":{"line":691,"column":26}},"691":{"start":{"line":692,"column":0},"end":{"line":692,"column":87}},"692":{"start":{"line":693,"column":0},"end":{"line":693,"column":63}},"693":{"start":{"line":694,"column":0},"end":{"line":694,"column":55}},"694":{"start":{"line":695,"column":0},"end":{"line":695,"column":60}},"695":{"start":{"line":696,"column":0},"end":{"line":696,"column":63}},"696":{"start":{"line":697,"column":0},"end":{"line":697,"column":101}},"697":{"start":{"line":698,"column":0},"end":{"line":698,"column":35}},"698":{"start":{"line":699,"column":0},"end":{"line":699,"column":13}},"699":{"start":{"line":700,"column":0},"end":{"line":700,"column":20}},"700":{"start":{"line":701,"column":0},"end":{"line":701,"column":114}},"701":{"start":{"line":702,"column":0},"end":{"line":702,"column":26}},"702":{"start":{"line":703,"column":0},"end":{"line":703,"column":34}},"703":{"start":{"line":704,"column":0},"end":{"line":704,"column":16}},"706":{"start":{"line":707,"column":0},"end":{"line":707,"column":27}},"707":{"start":{"line":708,"column":0},"end":{"line":708,"column":70}},"708":{"start":{"line":709,"column":0},"end":{"line":709,"column":77}},"709":{"start":{"line":710,"column":0},"end":{"line":710,"column":97}},"710":{"start":{"line":711,"column":0},"end":{"line":711,"column":86}},"711":{"start":{"line":712,"column":0},"end":{"line":712,"column":13}},"712":{"start":{"line":713,"column":0},"end":{"line":713,"column":21}},"713":{"start":{"line":714,"column":0},"end":{"line":714,"column":126}},"714":{"start":{"line":715,"column":0},"end":{"line":715,"column":81}},"715":{"start":{"line":716,"column":0},"end":{"line":716,"column":16}},"717":{"start":{"line":718,"column":0},"end":{"line":718,"column":12}},"718":{"start":{"line":719,"column":0},"end":{"line":719,"column":10}},"720":{"start":{"line":721,"column":0},"end":{"line":721,"column":10}},"722":{"start":{"line":723,"column":0},"end":{"line":723,"column":1}}},"s":{"0":1,"26":1,"27":1,"28":1,"30":1,"31":1,"32":1,"33":1,"34":1,"35":1,"36":1,"38":1,"39":1,"40":1,"41":1,"42":1,"43":1,"44":1,"48":0,"49":24,"50":24,"51":24,"57":0,"58":0,"59":0,"60":0,"61":0,"62":0,"64":0,"65":0,"66":0,"67":0,"68":0,"69":0,"70":0,"71":0,"72":0,"74":0,"75":0,"76":0,"77":0,"78":0,"79":0,"80":0,"81":0,"82":0,"83":0,"84":0,"85":0,"86":0,"87":0,"88":0,"89":0,"90":0,"91":0,"93":0,"99":0,"100":0,"101":0,"102":0,"103":0,"105":0,"106":0,"107":0,"108":0,"110":0,"111":0,"113":0,"114":0,"115":0,"116":0,"117":0,"119":0,"120":0,"121":0,"122":0,"123":0,"124":0,"125":0,"127":0,"128":0,"129":0,"130":0,"131":0,"132":0,"133":0,"134":0,"136":0,"137":0,"138":0,"139":0,"140":0,"141":0,"142":0,"143":0,"144":0,"145":0,"146":0,"147":0,"148":0,"149":0,"150":0,"151":0,"152":0,"153":0,"154":0,"155":0,"156":0,"157":0,"158":0,"159":0,"160":0,"161":0,"162":0,"163":0,"164":0,"165":0,"166":0,"167":0,"168":0,"169":0,"170":0,"171":0,"172":0,"173":0,"174":0,"175":0,"176":0,"177":0,"178":0,"179":0,"180":0,"182":0,"183":0,"184":0,"185":0,"187":0,"188":0,"190":0,"191":0,"192":0,"193":0,"194":0,"195":0,"196":0,"198":0,"199":0,"200":0,"202":0,"208":6,"209":6,"210":6,"211":6,"212":6,"213":6,"216":6,"217":6,"218":6,"220":6,"221":6,"222":6,"225":6,"226":6,"227":6,"228":6,"230":6,"231":6,"232":3,"233":3,"234":6,"236":6,"237":6,"238":6,"239":6,"241":6,"242":6,"245":6,"246":6,"247":6,"248":6,"249":6,"250":6,"253":6,"254":6,"255":6,"256":6,"258":6,"259":6,"260":6,"261":6,"264":6,"265":6,"266":6,"267":6,"268":6,"270":6,"271":6,"272":6,"273":6,"274":6,"275":6,"276":6,"277":6,"279":6,"280":6,"281":6,"282":0,"283":0,"284":0,"285":0,"286":0,"287":0,"288":0,"289":6,"290":6,"292":6,"293":6,"294":6,"295":6,"297":6,"298":6,"299":6,"302":6,"303":6,"304":6,"306":6,"307":6,"308":0,"309":0,"310":0,"312":6,"313":6,"314":0,"315":0,"316":0,"317":0,"318":0,"319":0,"320":0,"321":0,"322":0,"323":0,"324":0,"325":0,"326":6,"327":6,"329":6,"330":6,"331":0,"332":0,"333":0,"334":0,"335":0,"336":0,"337":0,"338":0,"339":0,"340":0,"341":0,"342":0,"343":0,"344":0,"345":0,"346":6,"347":6,"349":6,"350":0,"351":0,"353":6,"354":6,"355":0,"356":0,"357":0,"358":6,"359":6,"361":6,"362":6,"363":0,"364":0,"365":0,"366":0,"367":6,"368":6,"370":6,"371":6,"372":0,"373":0,"374":0,"375":0,"376":0,"377":0,"378":0,"379":0,"380":0,"381":0,"382":0,"383":0,"384":0,"385":6,"386":6,"388":6,"389":0,"390":0,"391":0,"392":0,"393":0,"394":0,"395":0,"396":0,"397":0,"399":6,"401":6,"402":6,"404":6,"405":6,"406":6,"407":6,"409":6,"410":6,"411":6,"412":6,"413":6,"415":6,"416":6,"417":6,"419":6,"420":0,"421":0,"422":0,"424":6,"428":6,"430":6,"431":6,"432":6,"433":6,"434":6,"435":6,"437":6,"438":6,"439":6,"440":6,"441":6,"442":6,"445":6,"446":6,"447":6,"448":6,"449":6,"450":6,"451":6,"452":6,"453":6,"454":0,"456":6,"457":6,"458":0,"460":6,"461":6,"462":6,"463":6,"464":6,"465":6,"466":6,"467":6,"468":6,"469":6,"471":6,"472":6,"473":6,"474":6,"475":6,"476":6,"477":6,"478":6,"479":6,"480":6,"481":6,"484":6,"485":6,"487":6,"488":6,"489":6,"490":6,"492":6,"493":6,"494":6,"495":6,"496":6,"498":6,"499":6,"500":6,"503":6,"504":6,"505":6,"506":6,"507":6,"508":6,"509":6,"510":6,"511":6,"512":24,"513":24,"514":24,"515":24,"516":24,"517":24,"518":24,"519":24,"520":24,"521":6,"522":6,"523":6,"524":6,"525":6,"526":6,"527":6,"528":6,"529":6,"530":6,"531":6,"532":6,"533":6,"534":6,"535":6,"536":0,"537":0,"538":0,"539":0,"541":6,"542":6,"543":6,"544":6,"545":6,"546":0,"547":6,"548":6,"549":6,"550":6,"551":6,"552":6,"553":6,"554":6,"555":6,"556":0,"557":6,"559":6,"560":0,"561":0,"562":0,"563":0,"564":0,"565":0,"566":0,"567":6,"568":6,"572":6,"573":0,"574":0,"575":0,"576":0,"577":0,"578":0,"579":0,"580":0,"582":0,"583":0,"584":0,"585":0,"586":0,"587":0,"588":0,"589":0,"590":0,"591":0,"592":0,"593":0,"594":0,"595":0,"596":0,"597":0,"598":0,"599":0,"600":0,"601":0,"602":0,"604":6,"606":6,"611":6,"612":6,"613":6,"614":6,"615":6,"616":6,"618":6,"619":6,"620":6,"621":6,"622":6,"623":6,"624":0,"625":6,"626":6,"627":6,"628":6,"629":6,"631":6,"632":0,"633":0,"634":0,"635":0,"636":0,"639":6,"640":6,"641":6,"642":6,"643":6,"644":6,"646":6,"647":0,"648":0,"649":0,"650":0,"651":0,"652":0,"653":0,"654":0,"655":0,"656":0,"657":0,"658":0,"659":0,"660":0,"661":0,"662":0,"663":0,"664":0,"665":0,"667":6,"669":6,"670":0,"671":0,"672":0,"675":6,"676":0,"677":0,"678":0,"679":0,"681":6,"683":6,"684":0,"685":0,"686":0,"687":0,"690":6,"691":0,"692":0,"693":0,"694":0,"695":0,"696":0,"697":0,"698":0,"699":0,"700":0,"701":0,"702":0,"703":0,"706":6,"707":0,"708":0,"709":0,"710":0,"711":0,"712":0,"713":0,"714":0,"715":0,"717":6,"718":6,"720":6,"722":6},"branchMap":{"0":{"type":"branch","line":50,"loc":{"start":{"line":50,"column":0},"end":{"line":52,"column":1}},"locations":[{"start":{"line":50,"column":0},"end":{"line":52,"column":1}}]},"1":{"type":"branch","line":209,"loc":{"start":{"line":209,"column":0},"end":{"line":723,"column":1}},"locations":[{"start":{"line":209,"column":0},"end":{"line":723,"column":1}}]},"2":{"type":"branch","line":219,"loc":{"start":{"line":219,"column":18},"end":{"line":219,"column":60}},"locations":[{"start":{"line":219,"column":18},"end":{"line":219,"column":60}}]},"3":{"type":"branch","line":219,"loc":{"start":{"line":219,"column":48},"end":{"line":219,"column":65}},"locations":[{"start":{"line":219,"column":48},"end":{"line":219,"column":65}}]},"4":{"type":"branch","line":246,"loc":{"start":{"line":246,"column":52},"end":{"line":246,"column":71}},"locations":[{"start":{"line":246,"column":52},"end":{"line":246,"column":71}}]},"5":{"type":"branch","line":407,"loc":{"start":{"line":407,"column":50},"end":{"line":407,"column":64}},"locations":[{"start":{"line":407,"column":50},"end":{"line":407,"column":64}}]},"6":{"type":"branch","line":413,"loc":{"start":{"line":413,"column":40},"end":{"line":413,"column":60}},"locations":[{"start":{"line":413,"column":40},"end":{"line":413,"column":60}}]},"7":{"type":"branch","line":420,"loc":{"start":{"line":420,"column":20},"end":{"line":423,"column":14}},"locations":[{"start":{"line":420,"column":20},"end":{"line":423,"column":14}}]},"8":{"type":"branch","line":434,"loc":{"start":{"line":
[...]
:246,"column":71}},"locations":[{"start":{"line":246,"column":48},"end":{"line":246,"column":71}}]},"41":{"type":"branch","line":246,"loc":{"start":{"line":246,"column":52},"end":{"line":246,"column":89}},"locations":[{"start":{"line":246,"column":52},"end":{"line":246,"column":89}}]}},"b":{"0":[5],"1":[1],"2":[4],"3":[1],"4":[4],"5":[0],"6":[7],"7":[7],"8":[7],"9":[7],"10":[7],"11":[7],"12":[0],"13":[7],"14":[25],"15":[20],"16":[5],"17":[15],"18":[5],"19":[15],"20":[1],"21":[20],"22":[5],"23":[15],"24":[5],"25":[15],"26":[5],"27":[10],"28":[5],"29":[5],"30":[9],"31":[1],"32":[9],"33":[4],"34":[5],"35":[0],"36":[0],"37":[0],"38":[4],"39":[5],"40":[4],"41":[5]},"fnMap":{"0":{"name":"GlobalView","decl":{"start":{"line":18,"column":0},"end":{"line":183,"column":1}},"loc":{"start":{"line":18,"column":0},"end":{"line":183,"column":1}},"line":18},"1":{"name":"onChange","decl":{"start":{"line":75,"column":22},"end":{"line":75,"column":70}},"loc":{"start":{"line":75,"column":22},"end":{"line":75,"column":70}},"line":75},"2":{"name":"onClick","decl":{"start":{"line":87,"column":25},"end":{"line":87,"column":44}},"loc":{"start":{"line":87,"column":25},"end":{"line":87,"column":44}},"line":87},"3":{"name":"onClick","decl":{"start":{"line":156,"column":27},"end":{"line":156,"column":46}},"loc":{"start":{"line":156,"column":27},"end":{"line":156,"column":46}},"line":156},"4":{"name":"onClick","decl":{"start":{"line":174,"column":25},"end":{"line":174,"column":59}},"loc":{"start":{"line":174,"column":25},"end":{"line":174,"column":59}},"line":174},"5":{"name":"PlantCard","decl":{"start":{"line":186,"column":0},"end":{"line":255,"column":1}},"loc":{"start":{"line":186,"column":0},"end":{"line":255,"column":1}},"line":186},"6":{"name":"onFocus","decl":{"start":{"line":206,"column":15},"end":{"line":206,"column":51}},"loc":{"start":{"line":206,"column":15},"end":{"line":206,"column":51}},"line":206},"7":{"name":"onMouseEnter","decl":{"start":{"line":207,"column":20},"end":{"line":207,"column":56}},"loc":{"start":{"line":207,"column":20},"end":{"line":207,"column":56}},"line":207},"8":{"name":"onMouseLeave","decl":{"start":{"line":208,"column":20},"end":{"line":208,"column":46}},"loc":{"start":{"line":208,"column":20},"end":{"line":208,"column":46}},"line":208}},"f":{"0":5,"1":0,"2":1,"3":0,"4":1,"5":9,"6":0,"7":0,"8":0}}
,"/home/timgeldard/github/ConnectIO-RAD/apps/envmon/frontend/src/views/SiteView.tsx": {"path":"/home/timgeldard/github/ConnectIO-RAD/apps/envmon/frontend/src/views/SiteView.tsx","all":false,"statementMap":{"0":{"start":{"line":1,"column":0},"end":{"line":1,"column":58}},"12":{"start":{"line":13,"column":0},"end":{"line":13,"column":73}},"13":{"start":{"line":14,"column":0},"end":{"line":14,"column":26}},"14":{"start":{"line":15,"column":0},"end":{"line":15,"column":58}},"15":{"start":{"line":16,"column":0},"end":{"line":16,"column":25}},"17":{"start":{"line":18,"column":0},"end":{"line":18,"column":22}},"18":{"start":{"line":19,"column":0},"end":{"line":19,"column":26}},"19":{"start":{"line":20,"column":0},"end":{"line":20,"column":50}},"20":{"start":{"line":21,"column":0},"end":{"line":21,"column":53}},"21":{"start":{"line":22,"column":0},"end":{"line":22,"column":61}},"22":{"start":{"line":23,"column":0},"end":{"line":23,"column":4}},"24":{"start":{"line":25,"column":0},"end":{"line":25,"column":10}},"25":{"start":{"line":26,"column":0},"end":{"line":26,"column":84}},"26":{"start":{"line":27,"column":0},"end":{"line":27,"column":87}},"27":{"start":{"line":28,"column":0},"end":{"line":28,"column":98}},"28":{"start":{"line":29,"column":0},"end":{"line":29,"column":67}},"29":{"start":{"line":30,"column":0},"end":{"line":30,"column":12}},"30":{"start":{"line":31,"column":0},"end":{"line":31,"column":114}},"31":{"start":{"line":32,"column":0},"end":{"line":32,"column":13}},"32":{"start":{"line":33,"column":0},"end":{"line":33,"column":80}},"33":{"start":{"line":34,"column":0},"end":{"line":34,"column":51}},"34":{"start":{"line":35,"column":0},"end":{"line":35,"column":15}},"35":{"start":{"line":36,"column":0},"end":{"line":36,"column":80}},"36":{"start":{"line":37,"column":0},"end":{"line":37,"column":128}},"37":{"start":{"line":38,"column":0},"end":{"line":38,"column":16}},"38":{"start":{"line":39,"column":0},"end":{"line":39,"column":14}},"39":{"start":{"line":40,"column":0},"end":{"line":40,"column":12}},"42":{"start":{"line":43,"column":0},"end":{"line":43,"column":105}},"43":{"start":{"line":44,"column":0},"end":{"line":44,"column":143}},"44":{"start":{"line":45,"column":0},"end":{"line":45,"column":133}},"45":{"start":{"line":46,"column":0},"end":{"line":46,"column":130}},"46":{"start":{"line":47,"column":0},"end":{"line":47,"column":108}},"47":{"start":{"line":48,"column":0},"end":{"line":48,"column":12}},"48":{"start":{"line":49,"column":0},"end":{"line":49,"column":53}},"49":{"start":{"line":50,"column":0},"end":{"line":50,"column":102}},"50":{"start":{"line":51,"column":0},"end":{"line":51,"column":18}},"51":{"start":{"line":52,"column":0},"end":{"line":52,"column":23}},"52":{"start":{"line":53,"column":0},"end":{"line":53,"column":27}},"53":{"start":{"line":54,"column":0},"end":{"line":54,"column":10}},"54":{"start":{"line":55,"column":0},"end":{"line":55,"column":12}},"57":{"start":{"line":58,"column":0},"end":{"line":58,"column":104}},"58":{"start":{"line":59,"column":0},"end":{"line":59,"column":30}},"59":{"start":{"line":60,"column":0},"end":{"line":60,"column":96}},"61":{"start":{"line":62,"column":0},"end":{"line":62,"column":112}},"62":{"start":{"line":63,"column":0},"end":{"line":63,"column":30}},"63":{"start":{"line":64,"column":0},"end":{"line":64,"column":92}},"64":{"start":{"line":65,"column":0},"end":{"line":65,"column":13}},"65":{"start":{"line":66,"column":0},"end":{"line":66,"column":14}},"67":{"start":{"line":68,"column":0},"end":{"line":68,"column":10}},"69":{"start":{"line":70,"column":0},"end":{"line":70,"column":1}},"72":{"start":{"line":73,"column":0},"end":{"line":73,"column":83}},"73":{"start":{"line":74,"column":0},"end":{"line":74,"column":26}},"74":{"start":{"line":75,"column":0},"end":{"line":75,"column":47}},"75":{"start":{"line":76,"column":0},"end":{"line":76,"column":41}},"76":{"start":{"line":77,"column":0},"end":{"line":77,"column":42}},"78":{"start":{"line":79,"column":0},"end":{"line":79,"column":10}},"79":{"start":{"line":80,"column":0},"end":{"line":80,"column":46}},"80":{"start":{"line":81,"column":0},"end":{"line":81,"column":100}},"81":{"start":{"line":82,"column":0},"end":{"line":82,"column":162}},"82":{"start":{"line":83,"column":0},"end":{"line":83,"column":13}},"83":{"start":{"line":84,"column":0},"end":{"line":84,"column":96}},"84":{"start":{"line":85,"column":0},"end":{"line":85,"column":95}},"85":{"start":{"line":86,"column":0},"end":{"line":86,"column":14}},"86":{"start":{"line":87,"column":0},"end":{"line":87,"column":96}},"87":{"start":{"line":88,"column":0},"end":{"line":88,"column":39}},"88":{"start":{"line":89,"column":0},"end":{"line":89,"column":14}},"89":{"start":{"line":90,"column":0},"end":{"line":90,"column":12}},"91":{"start":{"line":92,"column":0},"end":{"line":92,"column":100}},"92":{"start":{"line":93,"column":0},"end":{"line":93,"column":135}},"94":{"start":{"line":95,"column":0},"end":{"line":95,"column":58}},"95":{"start":{"line":96,"column":0},"end":{"line":96,"column":97}},"96":{"start":{"line":97,"column":0},"end":{"line":97,"column":13}},"97":{"start":{"line":98,"column":0},"end":{"line":98,"column":58}},"98":{"start":{"line":99,"column":0},"end":{"line":99,"column":97}},"99":{"start":{"line":100,"column":0},"end":{"line":100,"column":13}},"101":{"start":{"line":102,"column":0},"end":{"line":102,"column":127}},"102":{"start":{"line":103,"column":0},"end":{"line":103,"column":14}},"103":{"start":{"line":104,"column":0},"end":{"line":104,"column":12}},"104":{"start":{"line":105,"column":0},"end":{"line":105,"column":163}},"105":{"start":{"line":106,"column":0},"end":{"line":106,"column":79}},"106":{"start":{"line":107,"column":0},"end":{"line":107,"column":137}},"107":{"start":{"line":108,"column":0},"end":{"line":108,"column":12}},"108":{"start":{"line":109,"column":0},"end":{"line":109,"column":13}},"110":{"start":{"line":111,"column":0},"end":{"line":111,"column":1}}},"s":{"0":1,"12":2,"13":2,"14":2,"15":2,"17":2,"18":2,"19":0,"20":2,"21":2,"22":2,"24":2,"25":2,"26":2,"27":2,"28":2,"29":2,"30":2,"31":2,"32":2,"33":2,"34":2,"35":2,"36":2,"37":2,"38":2,"39":2,"42":2,"43":2,"44":2,"45":2,"46":2,"47":2,"48":2,"49":2,"50":2,"51":2,"52":2,"53":2,"54":2,"57":2,"58":2,"59":0,"61":2,"62":2,"63":2,"64":2,"65":2,"67":2,"69":2,"72":2,"73":2,"74":2,"75":2,"76":2,"78":2,"79":2,"80":2,"81":2,"82":2,"83":2,"84":2,"85":2,"86":2,"87":2,"88":2,"89":2,"91":2,"92":2,"94":2,"95":16,"96":2,"97":2,"98":14,"99":2,"101":2,"102":2,"103":2,"104":2,"105":2,"106":2,"107":2,"108":2,"110":2},"branchMap":{"0":{"type":"branch","line":13,"loc":{"start":{"line":13,"column":0},"end":{"line":70,"column":1}},"locations":[{"start":{"line":13,"column":0},"end":{"line":70,"column":1}}]},"1":{"type":"branch","line":19,"loc":{"start":{"line":19,"column":25},"end":{"line":20,"column":50}},"locations":[{"start":{"line":19,"column":25},"end":{"line":20,"column":50}}]},"2":{"type":"branch","line":50,"loc":{"start":{"line":50,"column":94},"end":{"line":50,"column":102}},"locations":[{"start":{"line":50,"column":94},"end":{"line":50,"column":102}}]},"3":{"type":"branch","line":59,"loc":{"start":{"line":59,"column":25},"end":{"line":60,"column":96}},"locations":[{"start":{"line":59,"column":25},"end":{"line":60,"column":96}}]},"4":{"type":"branch","line":63,"loc":{"start":{"line":63,"column":22},"end":{"line":64,"column":92}},"locations":[{"start":{"line":63,"column":22},"end":{"line":64,"column":92}}]},"5":{"type":"branch","line":64,"loc":{"start":{"line":64,"column":59},"end":{"line":64,"column":90}},"locations":[{"start":{"line":64,"column":59},"end":{"line":64,"column":90}}]},"6":{"type":"branch","line":73,"loc":{"start":{"line":73,"column":0},"end":{"line":111,"column":1}},"locations":[{"start":{"line":73,"column":0},"end":{"line":111,"column":1}}]},"7":{"type":"branch","line":95,"loc":{"start":{"line":95,"column":47},"end":{"line":96,"column":97}},"locations":[{"start":{"line":95,"column":47},"end":{"line":96,"column":97}}]},"8":{"type":"branch","line":98,"loc":{"start":{"line":98,"column":47},"end":{"line":99,"column":97}},"locations":[{"start":{"line":98,"column":47},"end":{"line":99,"column":97}}]}},"b":{"0":[2],"1":[0],"2":[0],"3":[0],"4":[2],"5":[1],"6":[2],"7":[16],"8":[14]},"fnMap":{"0":{"name":"SiteView","decl":{"start":{"line":13,"column":0},"end":{"line":70,"column":1}},"loc":{"start":{"line":13,"column":0},"end":{"line":70,"column":1}},"line":13},"1":{"name":"onClick","decl":{"start":{"line":64,"column":59},"end":{"line":64,"column":90}},"loc":{"start":{"line":64,"column":59},"end":{"line":64,"column":90}},"line":64},"2":{"name":"FloorCard","decl":{"start":{"line":73,"column":0},"end":{"line":111,"column":1}},"loc":{"start":{"line":73,"column":0},"end":{"line":111,"column":1}},"line":73}},"f":{"0":2,"1":1,"2":2}}
,"/home/timgeldard/github/ConnectIO-RAD/apps/envmon/frontend/src/views/__tests__/FloorView.test.tsx": {"path":"/home/timgeldard/github/ConnectIO-RAD/apps/envmon/frontend/src/views/__tests__/FloorView.test.tsx","all":false,"statementMap":{"0":{"start":{"line":1,"column":0},"end":{"line":1,"column":66}},"1":{"start":{"line":2,"column":0},"end":{"line":2,"column":49}},"21":{"start":{"line":22,"column":0},"end":{"line":22,"column":29}},"22":{"start":{"line":23,"column":0},"end":{"line":23,"column":24}},"23":{"start":{"line":24,"column":0},"end":{"line":24,"column":18}},"24":{"start":{"line":25,"column":0},"end":{"line":25,"column":18}},"25":{"start":{"line":26,"column":0},"end":{"line":26,"column":33}},"26":{"start":{"line":27,"column":0},"end":{"line":27,"column":20}},"27":{"start":{"line":28,"column":0},"end":{"line":28,"column":26}},"28":{"start":{"line":29,"column":0},"end":{"line":29,"column":27}},"29":{"start":{"line":30,"column":0},"end":{"line":30,"column":3}},"31":{"start":{"line":32,"column":0},"end":{"line":32,"column":54}},"32":{"start":{"line":33,"column":0},"end":{"line":33,"column":43}},"33":{"start":{"line":34,"column":0},"end":{"line":34,"column":64}},"34":{"start":{"line":35,"column":0},"end":{"line":35,"column":54}},"35":{"start":{"line":36,"column":0},"end":{"line":36,"column":4}},"37":{"start":{"line":38,"column":0},"end":{"line":38,"column":54}},"38":{"start":{"line":39,"column":0},"end":{"line":39,"column":43}},"39":{"start":{"line":40,"column":0},"end":{"line":40,"column":57}},"40":{"start":{"line":41,"column":0},"end":{"line":41,"column":50}},"41":{"start":{"line":42,"column":0},"end":{"line":42,"column":4}},"42":{"start":{"line":43,"column":0},"end":{"line":43,"column":2}}},"s":{"0":1,"1":1,"21":1,"22":1,"23":1,"24":1,"25":1,"26":1,"27":1,"28":1,"29":1,"31":1,"32":1,"33":1,"34":1,"35":1,"37":1,"38":1,"39":1,"40":1,"41":1,"42":1},"branchMap":{"0":{"type":"branch","line":22,"loc":{"start":{"line":22,"column":22},"end":{"line":43,"column":2}},"locations":[{"start":{"line":22,"column":22},"end":{"line":43,"column":2}}]},"1":{"type":"branch","line":32,"loc":{"start":{"line":32,"column":47},"end":{"line":36,"column":3}},"locations":[{"start":{"line":32,"column":47},"end":{"line":36,"column":3}}]},"2":{"type":"branch","line":38,"loc":{"start":{"line":38,"column":47},"end":{"line":42,"column":3}},"locations":[{"start":{"line":38,"column":47},"end":{"line":42,"column":3}}]}},"b":{"0":[1],"1":[1],"2":[1]},"fnMap":{},"f":{}}
,"/home/timgeldard/github/ConnectIO-RAD/apps/envmon/frontend/src/views/__tests__/GlobalView.test.tsx": {"path":"/home/timgeldard/github/ConnectIO-RAD/apps/envmon/frontend/src/views/__tests__/GlobalView.test.tsx","all":false,"statementMap":{"0":{"start":{"line":1,"column":0},"end":{"line":1,"column":66}},"1":{"start":{"line":2,"column":0},"end":{"line":2,"column":49}},"31":{"start":{"line":32,"column":0},"end":{"line":32,"column":30}},"32":{"start":{"line":33,"column":0},"end":{"line":33,"column":89}},"33":{"start":{"line":34,"column":0},"end":{"line":34,"column":48}},"37":{"start":{"line":38,"column":0},"end":{"line":38,"column":73}},"38":{"start":{"line":39,"column":0},"end":{"line":39,"column":61}},"39":{"start":{"line":40,"column":0},"end":{"line":40,"column":4}},"41":{"start":{"line":42,"column":0},"end":{"line":42,"column":61}},"42":{"start":{"line":43,"column":0},"end":{"line":43,"column":48}},"45":{"start":{"line":46,"column":0},"end":{"line":46,"column":64}},"46":{"start":{"line":47,"column":0},"end":{"line":47,"column":64}},"49":{"start":{"line":50,"column":0},"end":{"line":50,"column":65}},"51":{"start":{"line":52,"column":0},"end":{"line":52,"column":64}},"52":{"start":{"line":53,"column":0},"end":{"line":53,"column":70}},"53":{"start":{"line":54,"column":0},"end":{"line":54,"column":4}},"55":{"start":{"line":56,"column":0},"end":{"line":56,"column":62}},"56":{"start":{"line":57,"column":0},"end":{"line":57,"column":31}},"57":{"start":{"line":58,"column":0},"end":{"line":58,"column":52}},"59":{"start":{"line":60,"column":0},"end":{"line":60,"column":72}},"60":{"start":{"line":61,"column":0},"end":{"line":61,"column":50}},"61":{"start":{"line":62,"column":0},"end":{"line":62,"column":4}},"62":{"start":{"line":63,"column":0},"end":{"line":63,"column":2}}},"s":{"0":1,"1":1,"31":1,"32":1,"33":1,"37":1,"38":1,"39":1,"41":1,"42":1,"45":1,"46":1,"49":1,"51":1,"52":1,"53":1,"55":1,"56":1,"57":1,"59":1,"60":1,"61":1,"62":1},"branchMap":{"0":{"type":"branch","line":32,"loc":{"start":{"line":32,"column":23},"end":{"line":63,"column":2}},"locations":[{"start":{"line":32,"column":23},"end":{"line":63,"column":2}}]},"1":{"type":"branch","line":33,"loc":{"start":{"line":33,"column":82},"end":{"line":40,"column":3}},"locations":[{"start":{"line":33,"column":82},"end":{"line":40,"column":3}}]},"2":{"type":"branch","line":42,"loc":{"start":{"line":42,"column":54},"end":{"line":54,"column":3}},"locations":[{"start":{"line":42,"column":54},"end":{"line":54,"column":3}}]},"3":{"type":"branch","line":56,"loc":{"start":{"line":56,"column":55},"end":{"line":62,"column":3}},"locations":[{"start":{"line":56,"column":55},"end":{"line":62,"column":3}}]}},"b":{"0":[1],"1":[1],"2":[1],"3":[1]},"fnMap":{},"f":{}}
,"/home/timgeldard/github/ConnectIO-RAD/apps/envmon/frontend/src/views/__tests__/SiteView.test.tsx": {"path":"/home/timgeldard/github/ConnectIO-RAD/apps/envmon/frontend/src/views/__tests__/SiteView.test.tsx","all":false,"statementMap":{"0":{"start":{"line":1,"column":0},"end":{"line":1,"column":66}},"1":{"start":{"line":2,"column":0},"end":{"line":2,"column":49}},"16":{"start":{"line":17,"column":0},"end":{"line":17,"column":28}},"17":{"start":{"line":18,"column":0},"end":{"line":18,"column":21}},"18":{"start":{"line":19,"column":0},"end":{"line":19,"column":19}},"19":{"start":{"line":20,"column":0},"end":{"line":20,"column":26}},"20":{"start":{"line":21,"column":0},"end":{"line":21,"column":23}},"21":{"start":{"line":22,"column":0},"end":{"line":22,"column":22}},"22":{"start":{"line":23,"column":0},"end":{"line":23,"column":18}},"23":{"start":{"line":24,"column":0},"end":{"line":24,"column":19}},"24":{"start":{"line":25,"column":0},"end":{"line":25,"column":11}},"25":{"start":{"line":26,"column":0},"end":{"line":26,"column":22}},"26":{"start":{"line":27,"column":0},"end":{"line":27,"column":22}},"27":{"start":{"line":28,"column":0},"end":{"line":28,"column":18}},"28":{"start":{"line":29,"column":0},"end":{"line":29,"column":17}},"29":{"start":{"line":30,"column":0},"end":{"line":30,"column":22}},"30":{"start":{"line":31,"column":0},"end":{"line":31,"column":23}},"31":{"start":{"line":32,"column":0},"end":{"line":32,"column":21}},"32":{"start":{"line":33,"column":0},"end":{"line":33,"column":5}},"33":{"start":{"line":34,"column":0},"end":{"line":34,"column":3}},"35":{"start":{"line":36,"column":0},"end":{"line":36,"column":24}},"36":{"start":{"line":37,"column":0},"end":{"line":37,"column":28}},"37":{"start":{"line":38,"column":0},"end":{"line":38,"column":25}},"38":{"start":{"line":39,"column":0},"end":{"line":39,"column":20}},"39":{"start":{"line":40,"column":0},"end":{"line":40,"column":3}},"41":{"start":{"line":42,"column":0},"end":{"line":42,"column":45}},"42":{"start":{"line":43,"column":0},"end":{"line":43,"column":42}},"43":{"start":{"line":44,"column":0},"end":{"line":44,"column":67}},"44":{"start":{"line":45,"column":0},"end":{"line":45,"column":105}},"45":{"start":{"line":46,"column":0},"end":{"line":46,"column":60}},"46":{"start":{"line":47,"column":0},"end":{"line":47,"column":4}},"48":{"start":{"line":49,"column":0},"end":{"line":49,"column":62}},"49":{"start":{"line":50,"column":0},"end":{"line":50,"column":42}},"50":{"start":{"line":51,"column":0},"end":{"line":51,"column":72}},"51":{"start":{"line":52,"column":0},"end":{"line":52,"column":63}},"52":{"start":{"line":53,"column":0},"end":{"line":53,"column":4}},"53":{"start":{"line":54,"column":0},"end":{"line":54,"column":2}}},"s":{"0":1,"1":1,"16":1,"17":1,"18":1,"19":1,"20":1,"21":1,"22":1,"23":1,"24":1,"25":1,"26":1,"27":1,"28":1,"29":1,"30":1,"31":1,"32":1,"33":1,"35":1,"36":1,"37":1,"38":1,"39":1,"41":1,"42":1,"43":1,"44":1,"45":1,"46":1,"48":1,"49":1,"50":1,"51":1,"52":1,"53":1},"branchMap":{"0":{"type":"branch","line":17,"loc":{"start":{"line":17,"column":21},"end":{"line":54,"column":2}},"locations":[{"start":{"line":17,"column":21},"end":{"line":54,"column":2}}]},"1":{"type":"branch","line":42,"loc":{"start":{"line":42,"column":38},"end":{"line":47,"column":3}},"locations":[{"start":{"line":42,"column":38},"end":{"line":47,"column":3}}]},"2":{"type":"branch","line":49,"loc":{"start":{"line":49,"column":55},"end":{"line":53,"column":3}},"locations":[{"start":{"line":49,"column":55},"end":{"line":53,"column":3}}]}},"b":{"0":[1],"1":[1],"2":[1]},"fnMap":{},"f":{}}
}
